[04jun.2024 18:57:18.721] [main/INFO] [cpw.mods.modlauncher.Launcher/MODLAUNCHER]: ModLauncher running: args [--launchTarget, forgeserver, --fml.forgeVersion, 43.3.5, --fml.mcVersion, 1.19.2, --fml.forgeGroup, net.minecraftforge, --fml.mcpVersion, 20220805.130853]
[04jun.2024 18:57:18.727] [main/INFO] [cpw.mods.modlauncher.Launcher/MODLAUNCHER]: ModLauncher 10.0.8+10.0.8+main.0ef7e830 starting: java version 22.0.1 by Oracle Corporation; OS Windows 10 arch amd64 version 10.0
[04jun.2024 18:57:25.468] [main/INFO] [com.teampotato.redirector.Redirector/]: Redirector CoreMod initialized successfully!
[04jun.2024 18:57:25.501] [main/INFO] [mixin/]: SpongePowered MIXIN Subsystem Version=0.8.5 Source=union:/E:/trabalhos%20de%20programação/Projetos%20git/Steampunk-LPS-Server-Test/libraries/org/spongepowered/mixin/0.8.5/mixin-0.8.5.jar%2363!/ Service=ModLauncher Env=SERVER
[04jun.2024 18:57:26.301] [main/WARN] [net.minecraftforge.fml.loading.moddiscovery.ModFileParser/LOADING]: Mod file E:\trabalhos de programação\Projetos git\Steampunk-LPS-Server-Test\libraries\net\minecraftforge\fmlcore\1.19.2-43.3.5\fmlcore-1.19.2-43.3.5.jar is missing mods.toml file
[04jun.2024 18:57:26.351] [main/WARN] [net.minecraftforge.fml.loading.moddiscovery.ModFileParser/LOADING]: Mod file E:\trabalhos de programação\Projetos git\Steampunk-LPS-Server-Test\libraries\net\minecraftforge\javafmllanguage\1.19.2-43.3.5\javafmllanguage-1.19.2-43.3.5.jar is missing mods.toml file
[04jun.2024 18:57:26.381] [main/WARN] [net.minecraftforge.fml.loading.moddiscovery.ModFileParser/LOADING]: Mod file E:\trabalhos de programação\Projetos git\Steampunk-LPS-Server-Test\libraries\net\minecraftforge\lowcodelanguage\1.19.2-43.3.5\lowcodelanguage-1.19.2-43.3.5.jar is missing mods.toml file
[04jun.2024 18:57:26.409] [main/WARN] [net.minecraftforge.fml.loading.moddiscovery.ModFileParser/LOADING]: Mod file E:\trabalhos de programação\Projetos git\Steampunk-LPS-Server-Test\libraries\net\minecraftforge\mclanguage\1.19.2-43.3.5\mclanguage-1.19.2-43.3.5.jar is missing mods.toml file
[04jun.2024 18:57:26.678] [main/WARN] [net.minecraftforge.jarjar.selection.JarSelector/]: Attempted to select two dependency jars from JarJar which have the same identification: Mod File:  and Mod File: . Using Mod File: 
[04jun.2024 18:57:26.680] [main/WARN] [net.minecraftforge.jarjar.selection.JarSelector/]: Attempted to select a dependency jar for JarJar which was passed in as source: terrablender. Using Mod File: E:\trabalhos de programação\Projetos git\Steampunk-LPS-Server-Test\mods\TerraBlender-forge-1.19.2-2.0.1.166.jar
[04jun.2024 18:57:26.680] [main/WARN] [net.minecraftforge.jarjar.selection.JarSelector/]: Attempted to select a dependency jar for JarJar which was passed in as source: botarium. Using Mod File: E:\trabalhos de programação\Projetos git\Steampunk-LPS-Server-Test\mods\botarium-forge-1.19.2-1.9.2.jar
[04jun.2024 18:57:26.680] [main/WARN] [net.minecraftforge.jarjar.selection.JarSelector/]: Attempted to select a dependency jar for JarJar which was passed in as source: curios. Using Mod File: E:\trabalhos de programação\Projetos git\Steampunk-LPS-Server-Test\mods\curios-forge-1.19.2-5.1.6.2.jar
[04jun.2024 18:57:26.680] [main/WARN] [net.minecraftforge.jarjar.selection.JarSelector/]: Attempted to select a dependency jar for JarJar which was passed in as source: resourcefullib. Using Mod File: E:\trabalhos de programação\Projetos git\Steampunk-LPS-Server-Test\mods\resourcefullib-forge-1.19.2-1.1.24.jar
[04jun.2024 18:57:26.681] [main/WARN] [net.minecraftforge.jarjar.selection.JarSelector/]: Attempted to select a dependency jar for JarJar which was passed in as source: architectury. Using Mod File: E:\trabalhos de programação\Projetos git\Steampunk-LPS-Server-Test\mods\architectury-6.6.92-forge.jar
[04jun.2024 18:57:26.682] [main/INFO] [net.minecraftforge.fml.loading.moddiscovery.JarInJarDependencyLocator/]: Found 24 dependencies adding them to mods collection
[04jun.2024 18:57:26.767] [main/INFO] [Configured Defaults/]: Applying default files...
[04jun.2024 18:57:29.438] [main/INFO] [mixin/]: Compatibility level set to JAVA_17
[04jun.2024 18:57:29.571] [main/ERROR] [mixin/]: Mixin config luna.mixins.json does not specify "minVersion" property
[04jun.2024 18:57:29.768] [main/ERROR] [mixin/]: Mixin config spruceui.mixins.json does not specify "minVersion" property
[04jun.2024 18:57:29.827] [main/INFO] [mixin/]: Successfully loaded Mixin Connector [ca.spottedleaf.starlight.mixin.MixinConnector]
[04jun.2024 18:57:29.829] [main/INFO] [mixin/]: Successfully loaded Mixin Connector [com.aizistral.enigmaticlegacy.MixinConnector]
[04jun.2024 18:57:29.831] [main/INFO] [cpw.mods.modlauncher.LaunchServiceHandler/MODLAUNCHER]: Launching target 'forgeserver' with arguments []
[04jun.2024 18:57:29.921] [main/INFO] [ModernFix/]: Loaded configuration file for ModernFix 5.17.0+mc1.19.2: 84 options available, 1 override(s) found
[04jun.2024 18:57:29.922] [main/WARN] [ModernFix/]: Option 'mixin.perf.resourcepacks' overriden (by user configuration) to 'false'
[04jun.2024 18:57:29.923] [main/INFO] [ModernFix/]: Applying Nashorn fix
[04jun.2024 18:57:29.940] [main/INFO] [ModernFix/]: Applied Forge config corruption patch
[04jun.2024 18:57:29.991] [main/INFO] [Embeddium/]: Loaded configuration file for Embeddium: 331 options available, 0 override(s) found
[04jun.2024 18:57:29.997] [main/WARN] [mixin/]: Reference map 'lmft-forge-refmap.json' for lmft.mixins.json could not be read. If this is a development environment you can ignore this message
[04jun.2024 18:57:30.035] [main/WARN] [mixin/]: Reference map 'nitrogen_internals.refmap.json' for nitrogen_internals.mixins.json could not be read. If this is a development environment you can ignore this message
[04jun.2024 18:57:30.061] [main/WARN] [mixin/]: Reference map 'EpheroLib-refmap.json' for epherolib.mixins.json could not be read. If this is a development environment you can ignore this message
[04jun.2024 18:57:30.066] [main/WARN] [mixin/]: Reference map 'tfmg.refmap.json' for design_decor.mixins.json could not be read. If this is a development environment you can ignore this message
[04jun.2024 18:57:30.141] [main/WARN] [mixin/]: Reference map 'fastpaintings-forge-refmap.json' for fastpaintings-forge.mixins.json could not be read. If this is a development environment you can ignore this message
[04jun.2024 18:57:30.165] [main/INFO] [com.teampotato.redirector.Redirector/]: Redirecting com/illusivesoulworks/polymorph/common/integration/PolymorphIntegrations$Mod
[04jun.2024 18:57:30.169] [main/INFO] [com.teampotato.redirector.Redirector/]: Redirecting com/illusivesoulworks/polymorph/common/integration/PolymorphIntegrations$Loader
[04jun.2024 18:57:30.301] [main/WARN] [mixin/]: Reference map 'mixins.wares.refmap.json' for mixins.wares.json could not be read. If this is a development environment you can ignore this message
[04jun.2024 18:57:30.320] [main/INFO] [com.teampotato.redirector.Redirector/]: Redirecting com/llamalad7/mixinextras/service/MixinExtrasVersion
[04jun.2024 18:57:30.353] [main/WARN] [mixin/]: Reference map 'interiors-forge-refmap.json' for interiors.mixins.json could not be read. If this is a development environment you can ignore this message
[04jun.2024 18:57:30.361] [main/WARN] [mixin/]: Reference map 'createframed.refmap.json' for createframed.mixins.json could not be read. If this is a development environment you can ignore this message
[04jun.2024 18:57:30.395] [main/WARN] [mixin/]: Reference map 'createair.mixins.refmap.json' for createair.mixins.json could not be read. If this is a development environment you can ignore this message
[04jun.2024 18:57:30.402] [main/WARN] [mixin/]: Reference map 'create_crystal_clear.refmap.json' for create_crystal_clear.mixins.json could not be read. If this is a development environment you can ignore this message
[04jun.2024 18:57:30.419] [main/INFO] [Sodium Extra Config/]: Loaded configuration file for Sodium Extra: 28 options available, 0 override(s) found
[04jun.2024 18:57:30.447] [main/WARN] [mixin/]: Reference map 'dragonlib-forge-refmap.json' for dragonlib.mixins.json could not be read. If this is a development environment you can ignore this message
[04jun.2024 18:57:30.471] [main/WARN] [mixin/]: Reference map 'coroutil.refmap.json' for coroutil.mixins.json could not be read. If this is a development environment you can ignore this message
[04jun.2024 18:57:30.492] [main/INFO] [com.teampotato.redirector.Redirector/]: Redirecting malte0811/ferritecore/mixin/config/FerriteMixinConfig$LithiumSupportState
[04jun.2024 18:57:30.511] [main/WARN] [mixin/]: Reference map 'packetfixer-forge-forge-refmap.json' for packetfixer-forge.mixins.json could not be read. If this is a development environment you can ignore this message
[04jun.2024 18:57:30.823] [main/INFO] [net.minecraftforge.coremod.CoreMod.placebo/COREMODLOG]: Patching IForgeItemStack#getEnchantmentLevel
[04jun.2024 18:57:30.846] [main/INFO] [net.minecraftforge.coremod.CoreMod.placebo/COREMODLOG]: Patching IForgeItemStack#getEnchantmentLevel
[04jun.2024 18:57:31.004] [main/WARN] [mixin/]: Error loading class: net/minecraft/server/level/ServerLevel (java.lang.IllegalArgumentException: Unsupported class file major version 66)
[04jun.2024 18:57:31.005] [main/WARN] [mixin/]: @Mixin target net.minecraft.server.level.ServerLevel was not found mixins.hammerlib.json:ServerLevelMixin
[04jun.2024 18:57:31.009] [main/WARN] [mixin/]: Error loading class: dev/latvian/mods/kubejs/recipe/RecipesEventJS (java.lang.ClassNotFoundException: dev.latvian.mods.kubejs.recipe.RecipesEventJS)
[04jun.2024 18:57:31.010] [main/WARN] [mixin/]: @Mixin target dev.latvian.mods.kubejs.recipe.RecipesEventJS was not found mixins.hammerlib.json:bs.kubejs.RecipeEventJSMixin
[04jun.2024 18:57:31.082] [main/WARN] [mixin/]: Error loading class: net/minecraft/server/MinecraftServer (java.lang.IllegalArgumentException: Unsupported class file major version 66)
[04jun.2024 18:57:31.082] [main/WARN] [mixin/]: @Mixin target net.minecraft.server.MinecraftServer was not found modernfix-common.mixins.json:perf.dedicated_reload_executor.MinecraftServerMixin
[04jun.2024 18:57:31.099] [main/WARN] [mixin/]: Error loading class: net/minecraft/server/level/ServerLevel (java.lang.IllegalArgumentException: Unsupported class file major version 66)
[04jun.2024 18:57:31.100] [main/WARN] [mixin/]: @Mixin target net.minecraft.server.level.ServerLevel was not found modernfix-common.mixins.json:perf.cache_strongholds.ServerLevelMixin
[04jun.2024 18:57:31.180] [main/WARN] [mixin/]: Error loading class: net/minecraft/server/level/ServerLevel (java.lang.IllegalArgumentException: Unsupported class file major version 66)
[04jun.2024 18:57:31.180] [main/WARN] [mixin/]: @Mixin target net.minecraft.server.level.ServerLevel was not found modernfix-common.mixins.json:bugfix.chunk_deadlock.ServerLevelMixin
[04jun.2024 18:57:31.294] [main/WARN] [mixin/]: Error loading class: net/minecraft/world/entity/LivingEntity (java.lang.IllegalArgumentException: Unsupported class file major version 66)
[04jun.2024 18:57:31.294] [main/WARN] [mixin/]: @Mixin target net.minecraft.world.entity.LivingEntity was not found modernfix-forge.mixins.json:perf.forge_cap_retrieval.LivingEntityMixin
[04jun.2024 18:57:31.354] [main/WARN] [mixin/]: Error loading class: net/minecraft/world/entity/LivingEntity (java.lang.IllegalArgumentException: Unsupported class file major version 66)
[04jun.2024 18:57:31.354] [main/WARN] [mixin/]: @Mixin target net.minecraft.world.entity.LivingEntity was not found environmental.mixins.json:LivingEntityMixin
[04jun.2024 18:57:31.407] [main/WARN] [mixin/]: Error loading class: net/minecraft/server/MinecraftServer (java.lang.IllegalArgumentException: Unsupported class file major version 66)
[04jun.2024 18:57:31.407] [main/WARN] [mixin/]: @Mixin target net.minecraft.server.MinecraftServer was not found balm.mixins.json:MinecraftServerMixin
[04jun.2024 18:57:31.418] [main/WARN] [mixin/]: Error loading class: net/minecraft/server/MinecraftServer (java.lang.IllegalArgumentException: Unsupported class file major version 66)
[04jun.2024 18:57:31.418] [main/WARN] [mixin/]: @Mixin target net.minecraft.server.MinecraftServer was not found create_new_age.mixins.json:MinecraftServerMixin
[04jun.2024 18:57:31.434] [main/WARN] [mixin/]: Error loading class: net/minecraft/server/level/ServerLevel (java.lang.IllegalArgumentException: Unsupported class file major version 66)
[04jun.2024 18:57:31.434] [main/WARN] [mixin/]: @Mixin target net.minecraft.server.level.ServerLevel was not found snowrealmagic.mixins.json:ServerLevelMixin
[04jun.2024 18:57:31.454] [main/WARN] [mixin/]: Error loading class: net/minecraft/world/entity/LivingEntity (java.lang.IllegalArgumentException: Unsupported class file major version 66)
[04jun.2024 18:57:31.454] [main/WARN] [mixin/]: @Mixin target net.minecraft.world.entity.LivingEntity was not found autoleveling.mixins.json:LivingEntityAccessor
[04jun.2024 18:57:31.457] [main/WARN] [mixin/]: Error loading class: vazkii/neat/HealthBarRenderer (java.lang.ClassNotFoundException: vazkii.neat.HealthBarRenderer)
[04jun.2024 18:57:31.458] [main/WARN] [mixin/]: @Mixin target vazkii.neat.HealthBarRenderer was not found autoleveling.mixins.json:neat/HealthBarRendererMixin
[04jun.2024 18:57:31.470] [main/WARN] [mixin/]: Error loading class: net/minecraft/server/level/ServerLevel (java.lang.IllegalArgumentException: Unsupported class file major version 66)
[04jun.2024 18:57:31.470] [main/WARN] [mixin/]: @Mixin target net.minecraft.server.level.ServerLevel was not found leavesbegone.common.mixins.json:ServerLevelMixin
[04jun.2024 18:57:31.531] [main/WARN] [mixin/]: Error loading class: net/minecraft/world/entity/LivingEntity (java.lang.IllegalArgumentException: Unsupported class file major version 66)
[04jun.2024 18:57:31.531] [main/WARN] [mixin/]: @Mixin target net.minecraft.world.entity.LivingEntity was not found supplementaries-common.mixins.json:LivingEntityMixin
[04jun.2024 18:57:31.548] [main/WARN] [mixin/]: Error loading class: net/minecraft/server/level/ServerLevel (java.lang.IllegalArgumentException: Unsupported class file major version 66)
[04jun.2024 18:57:31.549] [main/WARN] [mixin/]: @Mixin target net.minecraft.server.level.ServerLevel was not found supplementaries-common.mixins.json:ServerLevelMixin
[04jun.2024 18:57:31.588] [main/WARN] [mixin/]: Error loading class: net/minecraft/server/MinecraftServer (java.lang.IllegalArgumentException: Unsupported class file major version 66)
[04jun.2024 18:57:31.589] [main/WARN] [mixin/]: @Mixin target net.minecraft.server.MinecraftServer was not found structure_gel.mixins.json:MinecraftServerMixin
[04jun.2024 18:57:31.610] [main/WARN] [mixin/]: Error loading class: net/minecraft/world/entity/LivingEntity (java.lang.IllegalArgumentException: Unsupported class file major version 66)
[04jun.2024 18:57:31.610] [main/WARN] [mixin/]: @Mixin target net.minecraft.world.entity.LivingEntity was not found goodending.mixins.json:LivingEntityMixin
[04jun.2024 18:57:31.645] [main/WARN] [mixin/]: Error loading class: net/minecraft/world/entity/LivingEntity (java.lang.IllegalArgumentException: Unsupported class file major version 66)
[04jun.2024 18:57:31.645] [main/WARN] [mixin/]: @Mixin target net.minecraft.world.entity.LivingEntity was not found curios.mixins.json:MixinLivingEntity
[04jun.2024 18:57:31.656] [main/ERROR] [net.minecraftforge.fml.loading.RuntimeDistCleaner/DISTXFORM]: Attempted to load class net/minecraft/client/resources/model/ModelBakery for invalid dist DEDICATED_SERVER
[04jun.2024 18:57:31.657] [main/WARN] [mixin/]: Error loading class: net/minecraft/client/resources/model/ModelBakery (java.lang.RuntimeException: Attempted to load class net/minecraft/client/resources/model/ModelBakery for invalid dist DEDICATED_SERVER)
[04jun.2024 18:57:31.657] [main/WARN] [mixin/]: @Mixin target net.minecraft.client.resources.model.ModelBakery was not found lightspeed.mixins.json:model.ModelBakeryMixin
[04jun.2024 18:57:31.701] [main/WARN] [mixin/]: Error loading class: net/minecraft/server/level/ServerLevel (java.lang.IllegalArgumentException: Unsupported class file major version 66)
[04jun.2024 18:57:31.701] [main/WARN] [mixin/]: @Mixin target net.minecraft.server.level.ServerLevel was not found betterendisland.mixins.json:EndergeticExpansionMixins
[04jun.2024 18:57:31.715] [main/WARN] [mixin/]: Error loading class: net/minecraft/server/level/ServerLevel (java.lang.IllegalArgumentException: Unsupported class file major version 66)
[04jun.2024 18:57:31.715] [main/WARN] [mixin/]: @Mixin target net.minecraft.server.level.ServerLevel was not found betterendisland.mixins.json:ServerLevelMixin
[04jun.2024 18:57:31.720] [main/WARN] [mixin/]: Error loading class: dev/latvian/mods/kubejs/recipe/RecipesEventJS (java.lang.ClassNotFoundException: dev.latvian.mods.kubejs.recipe.RecipesEventJS)
[04jun.2024 18:57:31.720] [main/WARN] [mixin/]: @Mixin target dev.latvian.mods.kubejs.recipe.RecipesEventJS was not found sliceanddice.mixins.json:RecipeEventJSMixin
[04jun.2024 18:57:31.753] [main/WARN] [mixin/]: Error loading class: net/minecraft/world/entity/LivingEntity (java.lang.IllegalArgumentException: Unsupported class file major version 66)
[04jun.2024 18:57:31.754] [main/WARN] [mixin/]: @Mixin target net.minecraft.world.entity.LivingEntity was not found cgm.mixins.json:common.LivingEntityMixin
[04jun.2024 18:57:31.771] [main/WARN] [mixin/]: Error loading class: net/minecraft/world/entity/LivingEntity (java.lang.IllegalArgumentException: Unsupported class file major version 66)
[04jun.2024 18:57:31.771] [main/WARN] [mixin/]: @Mixin target net.minecraft.world.entity.LivingEntity was not found caelus.mixins.json:MixinLivingEntity
[04jun.2024 18:57:31.781] [main/WARN] [mixin/]: Error loading class: net/minecraft/world/entity/LivingEntity (java.lang.IllegalArgumentException: Unsupported class file major version 66)
[04jun.2024 18:57:31.782] [main/WARN] [mixin/]: @Mixin target net.minecraft.world.entity.LivingEntity was not found upgrade_aquatic.mixins.json:LivingEntityMixin
[04jun.2024 18:57:31.803] [main/WARN] [mixin/]: Error loading class: net/minecraft/server/level/ServerLevel (java.lang.IllegalArgumentException: Unsupported class file major version 66)
[04jun.2024 18:57:31.804] [main/WARN] [mixin/]: @Mixin target net.minecraft.server.level.ServerLevel was not found starlight.mixins.json:common.world.ServerWorldMixin
[04jun.2024 18:57:31.814] [main/WARN] [mixin/]: Error loading class: net/minecraft/world/entity/LivingEntity (java.lang.IllegalArgumentException: Unsupported class file major version 66)
[04jun.2024 18:57:31.815] [main/WARN] [mixin/]: @Mixin target net.minecraft.world.entity.LivingEntity was not found memoryleakfix.mixins.json:entityMemoriesLeak.LivingEntity_clearMemoriesMixin
[04jun.2024 18:57:31.823] [main/WARN] [mixin/]: Error loading class: net/minecraft/world/entity/LivingEntity (java.lang.IllegalArgumentException: Unsupported class file major version 66)
[04jun.2024 18:57:31.823] [main/WARN] [mixin/]: @Mixin target net.minecraft.world.entity.LivingEntity was not found idas.mixins.json:LabyrinthBossKilledMixin
[04jun.2024 18:57:31.831] [main/WARN] [mixin/]: Error loading class: net/minecraft/server/level/ServerLevel (java.lang.IllegalArgumentException: Unsupported class file major version 66)
[04jun.2024 18:57:31.831] [main/WARN] [mixin/]: @Mixin target net.minecraft.server.level.ServerLevel was not found idas.mixins.json:ServerLevelMixin
[04jun.2024 18:57:31.866] [main/WARN] [mixin/]: Error loading class: net/minecraft/server/level/ServerLevel (java.lang.IllegalArgumentException: Unsupported class file major version 66)
[04jun.2024 18:57:31.866] [main/WARN] [mixin/]: @Mixin target net.minecraft.server.level.ServerLevel was not found immersiveengineering.mixins.json:coremods.ServerWorldMixin
[04jun.2024 18:57:31.869] [main/WARN] [mixin/]: Error loading class: net/minecraft/client/gui/screens/ShareToLanScreen (java.lang.ClassNotFoundException: net.minecraft.client.gui.screens.ShareToLanScreen)
[04jun.2024 18:57:31.869] [main/WARN] [mixin/]: @Mixin target net.minecraft.client.gui.screens.ShareToLanScreen was not found luna.mixins.json:LANMixin
[04jun.2024 18:57:31.884] [main/WARN] [mixin/]: Error loading class: net/minecraft/world/entity/LivingEntity (java.lang.IllegalArgumentException: Unsupported class file major version 66)
[04jun.2024 18:57:31.885] [main/WARN] [mixin/]: @Mixin target net.minecraft.world.entity.LivingEntity was not found personality.mixins.json:LivingEntityMixin
[04jun.2024 18:57:31.916] [main/WARN] [mixin/]: Error loading class: net/minecraft/server/level/ServerLevel (java.lang.IllegalArgumentException: Unsupported class file major version 66)
[04jun.2024 18:57:31.916] [main/WARN] [mixin/]: @Mixin target net.minecraft.server.level.ServerLevel was not found cold_sweat.mixin.json:MixinBlockUpdate
[04jun.2024 18:57:31.925] [main/WARN] [mixin/]: Error loading class: net/minecraft/world/entity/LivingEntity (java.lang.IllegalArgumentException: Unsupported class file major version 66)
[04jun.2024 18:57:31.925] [main/WARN] [mixin/]: @Mixin target net.minecraft.world.entity.LivingEntity was not found cold_sweat.mixin.json:MixinEntityRiding
[04jun.2024 18:57:31.942] [main/WARN] [mixin/]: Error loading class: net/minecraft/world/entity/LivingEntity (java.lang.IllegalArgumentException: Unsupported class file major version 66)
[04jun.2024 18:57:31.942] [main/WARN] [mixin/]: @Mixin target net.minecraft.world.entity.LivingEntity was not found aether_redux.mixins.json:common.entity.LivingEntityMixin
[04jun.2024 18:57:31.968] [main/WARN] [mixin/]: Error loading class: net/minecraft/world/entity/LivingEntity (java.lang.IllegalArgumentException: Unsupported class file major version 66)
[04jun.2024 18:57:31.968] [main/WARN] [mixin/]: @Mixin target net.minecraft.world.entity.LivingEntity was not found ad_astra-common.mixins.json:LivingEntityMixin
[04jun.2024 18:57:31.976] [main/WARN] [mixin/]: Error loading class: net/minecraft/server/level/ServerLevel (java.lang.IllegalArgumentException: Unsupported class file major version 66)
[04jun.2024 18:57:31.977] [main/WARN] [mixin/]: @Mixin target net.minecraft.server.level.ServerLevel was not found ad_astra-common.mixins.json:ServerLevelMixin
[04jun.2024 18:57:32.005] [main/WARN] [mixin/]: Error loading class: net/minecraft/world/entity/LivingEntity (java.lang.IllegalArgumentException: Unsupported class file major version 66)
[04jun.2024 18:57:32.006] [main/WARN] [mixin/]: @Mixin target net.minecraft.world.entity.LivingEntity was not found ad_astra-common.mixins.json:gravity.LivingEntityGravityMixin
[04jun.2024 18:57:32.017] [main/WARN] [mixin/]: Error loading class: net/minecraft/world/entity/LivingEntity (java.lang.IllegalArgumentException: Unsupported class file major version 66)
[04jun.2024 18:57:32.018] [main/WARN] [mixin/]: @Mixin target net.minecraft.world.entity.LivingEntity was not found tetra.mixins.json:LivingEntityMixin
[04jun.2024 18:57:32.025] [main/WARN] [mixin/]: Error loading class: net/minecraft/world/entity/LivingEntity (java.lang.IllegalArgumentException: Unsupported class file major version 66)
[04jun.2024 18:57:32.026] [main/WARN] [mixin/]: @Mixin target net.minecraft.world.entity.LivingEntity was not found blue_skies.mixins.json:LivingEntityMixin
[04jun.2024 18:57:32.039] [main/INFO] [com.cupboard.Cupboard/]: Loaded config for: recipeessentials.json
[04jun.2024 18:57:32.047] [main/WARN] [mixin/]: Error loading class: net/minecraft/world/entity/LivingEntity (java.lang.IllegalArgumentException: Unsupported class file major version 66)
[04jun.2024 18:57:32.048] [main/WARN] [mixin/]: @Mixin target net.minecraft.world.entity.LivingEntity was not found all_bark_all_bite.mixins.json:LivingEntityAccessor
[04jun.2024 18:57:32.054] [main/WARN] [mixin/]: Error loading class: net/minecraft/world/entity/LivingEntity (java.lang.IllegalArgumentException: Unsupported class file major version 66)
[04jun.2024 18:57:32.054] [main/WARN] [mixin/]: @Mixin target net.minecraft.world.entity.LivingEntity was not found all_bark_all_bite.mixins.json:LivingEntityMixin
[04jun.2024 18:57:32.065] [main/WARN] [mixin/]: Error loading class: net/minecraft/world/entity/LivingEntity (java.lang.IllegalArgumentException: Unsupported class file major version 66)
[04jun.2024 18:57:32.065] [main/WARN] [mixin/]: @Mixin target net.minecraft.world.entity.LivingEntity was not found aether.mixins.json:common.LivingEntityMixin
[04jun.2024 18:57:32.072] [main/WARN] [mixin/]: Error loading class: net/minecraft/world/entity/LivingEntity (java.lang.IllegalArgumentException: Unsupported class file major version 66)
[04jun.2024 18:57:32.073] [main/WARN] [mixin/]: @Mixin target net.minecraft.world.entity.LivingEntity was not found aether.mixins.json:common.accessor.LivingEntityAccessor
[04jun.2024 18:57:32.080] [main/WARN] [mixin/]: Error loading class: net/minecraft/server/level/ServerLevel (java.lang.IllegalArgumentException: Unsupported class file major version 66)
[04jun.2024 18:57:32.080] [main/WARN] [mixin/]: @Mixin target net.minecraft.server.level.ServerLevel was not found aether.mixins.json:common.accessor.ServerLevelAccessor
[04jun.2024 18:57:32.103] [main/INFO] [com.cupboard.Cupboard/]: Loaded config for: structureessentials.json
[04jun.2024 18:57:32.113] [main/WARN] [mixin/]: Error loading class: net/minecraft/world/entity/LivingEntity (java.lang.IllegalArgumentException: Unsupported class file major version 66)
[04jun.2024 18:57:32.113] [main/WARN] [mixin/]: @Mixin target net.minecraft.world.entity.LivingEntity was not found citadel.mixins.json:LivingEntityMixin
[04jun.2024 18:57:32.117] [main/WARN] [mixin/]: Error loading class: net/minecraft/server/MinecraftServer (java.lang.IllegalArgumentException: Unsupported class file major version 66)
[04jun.2024 18:57:32.117] [main/WARN] [mixin/]: @Mixin target net.minecraft.server.MinecraftServer was not found citadel.mixins.json:MinecraftServerMixin
[04jun.2024 18:57:32.124] [main/WARN] [mixin/]: Error loading class: net/minecraft/server/level/ServerLevel (java.lang.IllegalArgumentException: Unsupported class file major version 66)
[04jun.2024 18:57:32.124] [main/WARN] [mixin/]: @Mixin target net.minecraft.server.level.ServerLevel was not found citadel.mixins.json:ServerLevelMixin
[04jun.2024 18:57:32.136] [main/WARN] [mixin/]: Error loading class: net/minecraft/world/entity/LivingEntity (java.lang.IllegalArgumentException: Unsupported class file major version 66)
[04jun.2024 18:57:32.136] [main/WARN] [mixin/]: @Mixin target net.minecraft.world.entity.LivingEntity was not found bookshelf.common.mixins.json:entity.AccessorLivingEntity
[04jun.2024 18:57:32.142] [main/WARN] [mixin/]: Error loading class: net/minecraft/world/entity/LivingEntity (java.lang.IllegalArgumentException: Unsupported class file major version 66)
[04jun.2024 18:57:32.142] [main/WARN] [mixin/]: @Mixin target net.minecraft.world.entity.LivingEntity was not found bookshelf.common.mixins.json:entity.MixinLivingEntity
[04jun.2024 18:57:32.160] [main/INFO] [com.teampotato.redirector.Redirector/]: Redirecting com/railwayteam/railways/compat/Mods
[04jun.2024 18:57:32.251] [main/WARN] [mixin/]: Error loading class: com/simibubi/create/content/contraptions/Contraption (java.lang.IllegalArgumentException: Unsupported class file major version 66)
[04jun.2024 18:57:32.252] [main/WARN] [mixin/]: @Mixin target com.simibubi.create.content.contraptions.Contraption was not found railways-common.mixins.json:MixinContraption
[04jun.2024 18:57:32.337] [main/WARN] [mixin/]: Error loading class: net/minecraft/world/entity/LivingEntity (java.lang.IllegalArgumentException: Unsupported class file major version 66)
[04jun.2024 18:57:32.338] [main/WARN] [mixin/]: @Mixin target net.minecraft.world.entity.LivingEntity was not found shieldexp.mixins.json:LivingEntityMixin
[04jun.2024 18:57:32.362] [main/WARN] [mixin/]: Error loading class: net/minecraft/world/entity/LivingEntity (java.lang.IllegalArgumentException: Unsupported class file major version 66)
[04jun.2024 18:57:32.362] [main/WARN] [mixin/]: @Mixin target net.minecraft.world.entity.LivingEntity was not found cataclysm.mixins.json:LivingEntityMixin
[04jun.2024 18:57:32.387] [main/WARN] [mixin/]: Error loading class: net/minecraft/world/entity/LivingEntity (java.lang.IllegalArgumentException: Unsupported class file major version 66)
[04jun.2024 18:57:32.388] [main/WARN] [mixin/]: @Mixin target net.minecraft.world.entity.LivingEntity was not found spirit.common.mixins.json:LivingEntityMixin
[04jun.2024 18:57:32.402] [main/WARN] [mixin/]: Error loading class: net/minecraft/server/level/ServerLevel (java.lang.IllegalArgumentException: Unsupported class file major version 66)
[04jun.2024 18:57:32.402] [main/WARN] [mixin/]: @Mixin target net.minecraft.server.level.ServerLevel was not found cupboard.mixins.json:ServerAddEntityMixin
[04jun.2024 18:57:32.404] [main/ERROR] [net.minecraftforge.fml.loading.RuntimeDistCleaner/DISTXFORM]: Attempted to load class net/minecraft/client/gui/screens/multiplayer/ServerSelectionList for invalid dist DEDICATED_SERVER
[04jun.2024 18:57:32.404] [main/WARN] [mixin/]: Error loading class: net/minecraft/client/gui/screens/multiplayer/ServerSelectionList (java.lang.RuntimeException: Attempted to load class net/minecraft/client/gui/screens/multiplayer/ServerSelectionList for invalid dist DEDICATED_SERVER)
[04jun.2024 18:57:32.404] [main/WARN] [mixin/]: @Mixin target net.minecraft.client.gui.screens.multiplayer.ServerSelectionList was not found serverbrowser.mixins.json:ServerSelectionMixin
[04jun.2024 18:57:32.410] [main/WARN] [mixin/]: Error loading class: com/firemerald/additionalplacements/common/ConfigCommon (java.lang.ClassNotFoundException: com.firemerald.additionalplacements.common.ConfigCommon)
[04jun.2024 18:57:32.412] [main/WARN] [mixin/]: Error loading class: com/firemerald/additionalplacements/block/AdditionalPlacementBlock (java.lang.ClassNotFoundException: com.firemerald.additionalplacements.block.AdditionalPlacementBlock)
[04jun.2024 18:57:32.413] [main/WARN] [mixin/]: @Mixin target com.firemerald.additionalplacements.block.AdditionalPlacementBlock was not found copycats-common.mixins.json:compat.additionalplacements.PlacementBlockMixin
[04jun.2024 18:57:32.438] [main/WARN] [mixin/]: Error loading class: me/jellysquid/mods/lithium/common/ai/pathing/PathNodeDefaults (java.lang.ClassNotFoundException: me.jellysquid.mods.lithium.common.ai.pathing.PathNodeDefaults)
[04jun.2024 18:57:32.439] [main/WARN] [mixin/]: Error loading class: me/jellysquid/mods/sodium/client/render/chunk/compile/pipeline/BlockOcclusionCache (java.lang.ClassNotFoundException: me.jellysquid.mods.sodium.client.render.chunk.compile.pipeline.BlockOcclusionCache)
[04jun.2024 18:57:32.454] [main/WARN] [mixin/]: Error loading class: com/simibubi/create/content/contraptions/Contraption (java.lang.IllegalArgumentException: Unsupported class file major version 66)
[04jun.2024 18:57:32.454] [main/WARN] [mixin/]: @Mixin target com.simibubi.create.content.contraptions.Contraption was not found copycats-common.mixins.json:copycat.button.ContraptionMixin
[04jun.2024 18:57:32.469] [main/WARN] [mixin/]: Error loading class: com/simibubi/create/content/contraptions/Contraption (java.lang.IllegalArgumentException: Unsupported class file major version 66)
[04jun.2024 18:57:32.469] [main/WARN] [mixin/]: @Mixin target com.simibubi.create.content.contraptions.Contraption was not found copycats-common.mixins.json:copycat.pressure_plate.ContraptionMixin
[04jun.2024 18:57:32.477] [main/WARN] [mixin/]: Error loading class: cjminecraft/doubleslabs/common/config/DSConfig$Common (java.lang.ClassNotFoundException: cjminecraft.doubleslabs.common.config.DSConfig$Common)
[04jun.2024 18:57:32.487] [main/WARN] [mixin/]: Error loading class: net/minecraft/world/entity/LivingEntity (java.lang.IllegalArgumentException: Unsupported class file major version 66)
[04jun.2024 18:57:32.487] [main/WARN] [mixin/]: @Mixin target net.minecraft.world.entity.LivingEntity was not found obscure_api.mixins.json:LivingEntityMixin
[04jun.2024 18:57:32.508] [main/WARN] [mixin/]: Error loading class: net/minecraft/server/level/ServerLevel (java.lang.IllegalArgumentException: Unsupported class file major version 66)
[04jun.2024 18:57:32.508] [main/WARN] [mixin/]: @Mixin target net.minecraft.server.level.ServerLevel was not found alternate-current.mixins.json:ServerLevelMixin
[04jun.2024 18:57:32.518] [main/WARN] [mixin/]: Error loading class: net/minecraft/world/entity/LivingEntity (java.lang.IllegalArgumentException: Unsupported class file major version 66)
[04jun.2024 18:57:32.518] [main/WARN] [mixin/]: @Mixin target net.minecraft.world.entity.LivingEntity was not found betterdeserttemples.mixins.json:PharaohKilledMixin
[04jun.2024 18:57:32.527] [main/WARN] [mixin/]: Error loading class: net/minecraft/server/level/ServerLevel (java.lang.IllegalArgumentException: Unsupported class file major version 66)
[04jun.2024 18:57:32.528] [main/WARN] [mixin/]: @Mixin target net.minecraft.server.level.ServerLevel was not found betterdeserttemples.mixins.json:ServerLevelMixin
[04jun.2024 18:57:32.536] [main/WARN] [mixin/]: Error loading class: net/minecraft/server/MinecraftServer (java.lang.IllegalArgumentException: Unsupported class file major version 66)
[04jun.2024 18:57:32.536] [main/WARN] [mixin/]: @Mixin target net.minecraft.server.MinecraftServer was not found blockswap.mixins.json:MixinMinecraftServer
[04jun.2024 18:57:32.556] [main/WARN] [mixin/]: Error loading class: net/minecraft/server/level/ServerLevel (java.lang.IllegalArgumentException: Unsupported class file major version 66)
[04jun.2024 18:57:32.556] [main/WARN] [mixin/]: @Mixin target net.minecraft.server.level.ServerLevel was not found blueprint.mixins.json:ServerLevelMixin
[04jun.2024 18:57:32.604] [main/WARN] [mixin/]: Error loading class: net/minecraft/server/level/ServerLevel (java.lang.IllegalArgumentException: Unsupported class file major version 66)
[04jun.2024 18:57:32.604] [main/WARN] [mixin/]: @Mixin target net.minecraft.server.level.ServerLevel was not found atmospheric.mixins.json:ServerLevelMixin
[04jun.2024 18:57:32.614] [main/WARN] [mixin/]: Error loading class: net/minecraft/world/entity/LivingEntity (java.lang.IllegalArgumentException: Unsupported class file major version 66)
[04jun.2024 18:57:32.615] [main/WARN] [mixin/]: @Mixin target net.minecraft.world.entity.LivingEntity was not found thinair.common.mixins.json:LivingEntityMixin
[04jun.2024 18:57:32.624] [main/WARN] [mixin/]: Error loading class: net/minecraft/server/level/ServerLevel (java.lang.IllegalArgumentException: Unsupported class file major version 66)
[04jun.2024 18:57:32.625] [main/WARN] [mixin/]: @Mixin target net.minecraft.server.level.ServerLevel was not found thinair.common.mixins.json:ServerLevelMixin
[04jun.2024 18:57:32.635] [main/WARN] [mixin/]: Error loading class: net/minecraft/world/entity/LivingEntity (java.lang.IllegalArgumentException: Unsupported class file major version 66)
[04jun.2024 18:57:32.635] [main/WARN] [mixin/]: @Mixin target net.minecraft.world.entity.LivingEntity was not found thinair.forge.mixins.json:LivingEntityForgeMixin
[04jun.2024 18:57:32.671] [main/WARN] [mixin/]: Error loading class: net/minecraft/world/entity/LivingEntity (java.lang.IllegalArgumentException: Unsupported class file major version 66)
[04jun.2024 18:57:32.671] [main/WARN] [mixin/]: @Mixin target net.minecraft.world.entity.LivingEntity was not found quark.mixins.json:accessor.AccessorLivingEntity
[04jun.2024 18:57:32.686] [main/WARN] [mixin/]: Error loading class: net/minecraft/world/entity/LivingEntity (java.lang.IllegalArgumentException: Unsupported class file major version 66)
[04jun.2024 18:57:32.686] [main/WARN] [mixin/]: @Mixin target net.minecraft.world.entity.LivingEntity was not found mixins.irons_spellbooks.json:LivingEntityMixin
[04jun.2024 18:57:32.699] [main/WARN] [mixin/]: Error loading class: net/minecraft/world/entity/LivingEntity (java.lang.IllegalArgumentException: Unsupported class file major version 66)
[04jun.2024 18:57:32.699] [main/WARN] [mixin/]: @Mixin target net.minecraft.world.entity.LivingEntity was not found charmofundying.mixins.json:MixinLivingEntity
[04jun.2024 18:57:32.701] [main/WARN] [dev.tonimatas.packetfixer.mixins.MixinConfigPlugin/]: You are using connectivity for fix "Badly compressed packet - size of " + X + " is larger than protocol maximum of 8388608" if you have and issue with that delete connectivity.
[04jun.2024 18:57:32.715] [main/WARN] [mixin/]: Error loading class: com/simibubi/create/content/contraptions/Contraption (java.lang.IllegalArgumentException: Unsupported class file major version 66)
[04jun.2024 18:57:32.715] [main/WARN] [mixin/]: @Mixin target com.simibubi.create.content.contraptions.Contraption was not found createaddition.mixins.json:ContraptionMixin
[04jun.2024 18:57:32.722] [main/WARN] [mixin/]: Error loading class: net/darkhax/darkutils/features/charms/CharmEffects (java.lang.ClassNotFoundException: net.darkhax.darkutils.features.charms.CharmEffects)
[04jun.2024 18:57:32.723] [main/WARN] [mixin/]: Error loading class: com/brandon3055/csg/ModEventHandler (java.lang.ClassNotFoundException: com.brandon3055.csg.ModEventHandler)
[04jun.2024 18:57:32.734] [main/WARN] [mixin/]: Error loading class: net/minecraft/world/entity/LivingEntity (java.lang.IllegalArgumentException: Unsupported class file major version 66)
[04jun.2024 18:57:32.734] [main/WARN] [mixin/]: @Mixin target net.minecraft.world.entity.LivingEntity was not found enigmaticlegacy.mixins.json:MixinLivingEntity
[04jun.2024 18:57:32.749] [main/WARN] [mixin/]: Error loading class: com/simibubi/create/content/kinetics/deployer/DeployerBlockEntity (java.lang.IllegalArgumentException: Unsupported class file major version 66)
[04jun.2024 18:57:32.749] [main/WARN] [mixin/]: @Mixin target com.simibubi.create.content.kinetics.deployer.DeployerBlockEntity was not found create_central_kitchen.mixins.json:common.create.DeployerBlockEntityAccessor
[04jun.2024 18:57:32.778] [main/WARN] [mixin/]: Error loading class: com/teamabnormals/neapolitan/common/item/DrinkItem (java.lang.ClassNotFoundException: com.teamabnormals.neapolitan.common.item.DrinkItem)
[04jun.2024 18:57:32.779] [main/WARN] [mixin/]: @Mixin target com.teamabnormals.neapolitan.common.item.DrinkItem was not found create_central_kitchen.mixins.json:common.neapolitan.DrinkItemMixin
[04jun.2024 18:57:32.780] [main/WARN] [mixin/]: Error loading class: net/orcinus/overweightfarming/blocks/CropFullBlock (java.lang.ClassNotFoundException: net.orcinus.overweightfarming.blocks.CropFullBlock)
[04jun.2024 18:57:32.780] [main/WARN] [mixin/]: @Mixin target net.orcinus.overweightfarming.blocks.CropFullBlock was not found create_central_kitchen.mixins.json:common.overweightfarming.CropFullBlockMixin
[04jun.2024 18:57:32.787] [main/WARN] [mixin/]: Error loading class: net/minecraft/world/entity/LivingEntity (java.lang.IllegalArgumentException: Unsupported class file major version 66)
[04jun.2024 18:57:32.787] [main/WARN] [mixin/]: @Mixin target net.minecraft.world.entity.LivingEntity was not found create.mixins.json:CustomItemUseEffectsMixin
[04jun.2024 18:57:32.793] [main/WARN] [mixin/]: Error loading class: net/minecraft/world/entity/LivingEntity (java.lang.IllegalArgumentException: Unsupported class file major version 66)
[04jun.2024 18:57:32.793] [main/WARN] [mixin/]: @Mixin target net.minecraft.world.entity.LivingEntity was not found create.mixins.json:LavaSwimmingMixin
[04jun.2024 18:57:32.799] [main/WARN] [mixin/]: Error loading class: net/minecraft/world/entity/LivingEntity (java.lang.IllegalArgumentException: Unsupported class file major version 66)
[04jun.2024 18:57:32.799] [main/WARN] [mixin/]: @Mixin target net.minecraft.world.entity.LivingEntity was not found create.mixins.json:accessor.LivingEntityAccessor
[04jun.2024 18:57:32.805] [main/WARN] [mixin/]: Error loading class: net/minecraft/server/level/ServerLevel (java.lang.IllegalArgumentException: Unsupported class file major version 66)
[04jun.2024 18:57:32.805] [main/WARN] [mixin/]: @Mixin target net.minecraft.server.level.ServerLevel was not found create.mixins.json:accessor.ServerLevelAccessor
[04jun.2024 18:57:32.826] [main/INFO] [memoryleakfix/]: [MemoryLeakFix] Will be applying 2 memory leak fixes!
[04jun.2024 18:57:32.826] [main/INFO] [memoryleakfix/]: [MemoryLeakFix] Currently enabled memory leak fixes: [entityMemoriesLeak, biomeTemperatureLeak]
[04jun.2024 18:57:32.837] [main/WARN] [mixin/]: Error loading class: java/lang/invoke/MethodHandles$Lookup (java.lang.IllegalArgumentException: Unsupported class file major version 66)
[04jun.2024 18:57:32.837] [main/WARN] [mixin/]: Error loading class: java/lang/invoke/MethodHandles$Lookup (java.lang.IllegalArgumentException: Unsupported class file major version 66)
[04jun.2024 18:57:32.839] [main/WARN] [mixin/]: Error loading class: java/lang/invoke/MethodHandles$Lookup (java.lang.IllegalArgumentException: Unsupported class file major version 66)
[04jun.2024 18:57:32.840] [main/WARN] [mixin/]: Error loading class: java/lang/invoke/MethodHandles$Lookup (java.lang.IllegalArgumentException: Unsupported class file major version 66)
[04jun.2024 18:57:32.840] [main/WARN] [mixin/]: Error loading class: java/lang/invoke/MethodHandles$Lookup (java.lang.IllegalArgumentException: Unsupported class file major version 66)
[04jun.2024 18:57:32.840] [main/WARN] [mixin/]: Error loading class: java/lang/invoke/MethodHandles$Lookup (java.lang.IllegalArgumentException: Unsupported class file major version 66)
[04jun.2024 18:57:32.841] [main/WARN] [mixin/]: Error loading class: java/lang/invoke/MethodHandles$Lookup (java.lang.IllegalArgumentException: Unsupported class file major version 66)
[04jun.2024 18:57:32.844] [main/WARN] [mixin/]: Error loading class: java/util/Map$Entry (java.lang.IllegalArgumentException: Unsupported class file major version 66)
[04jun.2024 18:57:32.844] [main/WARN] [mixin/]: Error loading class: java/lang/invoke/MethodHandles$Lookup (java.lang.IllegalArgumentException: Unsupported class file major version 66)
[04jun.2024 18:57:32.846] [main/WARN] [mixin/]: Error loading class: java/lang/invoke/MethodHandles$Lookup (java.lang.IllegalArgumentException: Unsupported class file major version 66)
[04jun.2024 18:57:32.846] [main/WARN] [mixin/]: Error loading class: java/lang/invoke/MethodHandles$Lookup (java.lang.IllegalArgumentException: Unsupported class file major version 66)
[04jun.2024 18:57:32.847] [main/WARN] [mixin/]: Error loading class: java/lang/invoke/MethodHandles$Lookup (java.lang.IllegalArgumentException: Unsupported class file major version 66)
[04jun.2024 18:57:32.855] [main/WARN] [mixin/]: Error loading class: net/minecraft/world/level/storage/LevelStorageSource$LevelStorageAccess (java.lang.IllegalArgumentException: Unsupported class file major version 66)
[04jun.2024 18:57:32.855] [main/WARN] [mixin/]: Error loading class: java/util/concurrent/ForkJoinPool$ForkJoinWorkerThreadFactory (java.lang.IllegalArgumentException: Unsupported class file major version 66)
[04jun.2024 18:57:32.855] [main/WARN] [mixin/]: Error loading class: java/lang/invoke/MethodHandles$Lookup (java.lang.IllegalArgumentException: Unsupported class file major version 66)
[04jun.2024 18:57:32.857] [main/WARN] [mixin/]: Error loading class: java/lang/invoke/MethodHandles$Lookup (java.lang.IllegalArgumentException: Unsupported class file major version 66)
[04jun.2024 18:57:32.858] [main/WARN] [mixin/]: Error loading class: java/lang/invoke/MethodHandles$Lookup (java.lang.IllegalArgumentException: Unsupported class file major version 66)
[04jun.2024 18:57:32.860] [main/WARN] [mixin/]: Error loading class: java/lang/invoke/MethodHandles$Lookup (java.lang.IllegalArgumentException: Unsupported class file major version 66)
[04jun.2024 18:57:32.862] [main/WARN] [mixin/]: Error loading class: java/lang/invoke/MethodHandles$Lookup (java.lang.IllegalArgumentException: Unsupported class file major version 66)
[04jun.2024 18:57:32.863] [main/WARN] [mixin/]: Error loading class: java/lang/invoke/MethodHandles$Lookup (java.lang.IllegalArgumentException: Unsupported class file major version 66)
[04jun.2024 18:57:32.863] [main/WARN] [mixin/]: Error loading class: java/lang/invoke/MethodHandles$Lookup (java.lang.IllegalArgumentException: Unsupported class file major version 66)
[04jun.2024 18:57:32.864] [main/WARN] [mixin/]: Error loading class: java/lang/invoke/MethodHandles$Lookup (java.lang.IllegalArgumentException: Unsupported class file major version 66)
[04jun.2024 18:57:32.864] [main/WARN] [mixin/]: Error loading class: java/lang/invoke/MethodHandles$Lookup (java.lang.IllegalArgumentException: Unsupported class file major version 66)
[04jun.2024 18:57:32.866] [main/WARN] [mixin/]: Error loading class: java/lang/invoke/MethodHandles$Lookup (java.lang.IllegalArgumentException: Unsupported class file major version 66)
[04jun.2024 18:57:32.869] [main/WARN] [mixin/]: Error loading class: java/lang/invoke/MethodHandles$Lookup (java.lang.IllegalArgumentException: Unsupported class file major version 66)
[04jun.2024 18:57:32.873] [main/WARN] [mixin/]: Error loading class: java/lang/invoke/MethodHandles$Lookup (java.lang.IllegalArgumentException: Unsupported class file major version 66)
[04jun.2024 18:57:32.875] [main/WARN] [mixin/]: Error loading class: java/lang/invoke/MethodHandles$Lookup (java.lang.IllegalArgumentException: Unsupported class file major version 66)
[04jun.2024 18:57:32.876] [main/WARN] [mixin/]: Error loading class: java/lang/invoke/MethodHandles$Lookup (java.lang.IllegalArgumentException: Unsupported class file major version 66)
[04jun.2024 18:57:32.878] [main/WARN] [mixin/]: Error loading class: java/lang/invoke/MethodHandles$Lookup (java.lang.IllegalArgumentException: Unsupported class file major version 66)
[04jun.2024 18:57:32.880] [main/WARN] [mixin/]: Error loading class: java/lang/invoke/MethodHandles$Lookup (java.lang.IllegalArgumentException: Unsupported class file major version 66)
[04jun.2024 18:57:32.883] [main/WARN] [mixin/]: Error loading class: java/lang/invoke/MethodHandles$Lookup (java.lang.IllegalArgumentException: Unsupported class file major version 66)
[04jun.2024 18:57:32.885] [main/WARN] [mixin/]: Error loading class: java/lang/invoke/MethodHandles$Lookup (java.lang.IllegalArgumentException: Unsupported class file major version 66)
[04jun.2024 18:57:32.887] [main/WARN] [mixin/]: Error loading class: java/lang/invoke/MethodHandles$Lookup (java.lang.IllegalArgumentException: Unsupported class file major version 66)
[04jun.2024 18:57:32.888] [main/WARN] [mixin/]: Error loading class: java/lang/invoke/MethodHandles$Lookup (java.lang.IllegalArgumentException: Unsupported class file major version 66)
[04jun.2024 18:57:32.889] [main/WARN] [mixin/]: Error loading class: java/lang/invoke/MethodHandles$Lookup (java.lang.IllegalArgumentException: Unsupported class file major version 66)
[04jun.2024 18:57:32.909] [main/WARN] [mixin/]: Error loading class: java/lang/invoke/MethodHandles$Lookup (java.lang.IllegalArgumentException: Unsupported class file major version 66)
[04jun.2024 18:57:32.912] [main/WARN] [mixin/]: Error loading class: java/lang/invoke/MethodHandles$Lookup (java.lang.IllegalArgumentException: Unsupported class file major version 66)
[04jun.2024 18:57:32.913] [main/WARN] [mixin/]: Error loading class: java/lang/invoke/MethodHandles$Lookup (java.lang.IllegalArgumentException: Unsupported class file major version 66)
[04jun.2024 18:57:32.914] [main/WARN] [mixin/]: Error loading class: java/lang/invoke/MethodHandles$Lookup (java.lang.IllegalArgumentException: Unsupported class file major version 66)
[04jun.2024 18:57:32.915] [main/WARN] [mixin/]: Error loading class: java/lang/invoke/MethodHandles$Lookup (java.lang.IllegalArgumentException: Unsupported class file major version 66)
[04jun.2024 18:57:32.916] [main/WARN] [mixin/]: Error loading class: java/lang/invoke/MethodHandles$Lookup (java.lang.IllegalArgumentException: Unsupported class file major version 66)
[04jun.2024 18:57:32.918] [main/WARN] [mixin/]: Error loading class: java/lang/invoke/MethodHandles$Lookup (java.lang.IllegalArgumentException: Unsupported class file major version 66)
[04jun.2024 18:57:32.920] [main/WARN] [mixin/]: Error loading class: java/lang/invoke/MethodHandles$Lookup (java.lang.IllegalArgumentException: Unsupported class file major version 66)
[04jun.2024 18:57:32.921] [main/WARN] [mixin/]: Error loading class: java/lang/invoke/MethodHandles$Lookup (java.lang.IllegalArgumentException: Unsupported class file major version 66)
[04jun.2024 18:57:32.922] [main/WARN] [mixin/]: Error loading class: java/lang/invoke/MethodHandles$Lookup (java.lang.IllegalArgumentException: Unsupported class file major version 66)
[04jun.2024 18:57:32.925] [main/WARN] [mixin/]: Error loading class: java/lang/invoke/MethodHandles$Lookup (java.lang.IllegalArgumentException: Unsupported class file major version 66)
[04jun.2024 18:57:32.927] [main/WARN] [mixin/]: Error loading class: java/lang/invoke/MethodHandles$Lookup (java.lang.IllegalArgumentException: Unsupported class file major version 66)
[04jun.2024 18:57:32.928] [main/WARN] [mixin/]: Error loading class: java/lang/invoke/MethodHandles$Lookup (java.lang.IllegalArgumentException: Unsupported class file major version 66)
[04jun.2024 18:57:32.929] [main/WARN] [mixin/]: Error loading class: java/util/Map$Entry (java.lang.IllegalArgumentException: Unsupported class file major version 66)
[04jun.2024 18:57:32.929] [main/WARN] [mixin/]: Error loading class: java/lang/invoke/MethodHandles$Lookup (java.lang.IllegalArgumentException: Unsupported class file major version 66)
[04jun.2024 18:57:32.930] [main/WARN] [mixin/]: Error loading class: java/lang/invoke/MethodHandles$Lookup (java.lang.IllegalArgumentException: Unsupported class file major version 66)
[04jun.2024 18:57:32.930] [main/WARN] [mixin/]: Error loading class: java/lang/invoke/MethodHandles$Lookup (java.lang.IllegalArgumentException: Unsupported class file major version 66)
[04jun.2024 18:57:32.936] [main/WARN] [mixin/]: Error loading class: net/minecraft/world/entity/LivingEntity (java.lang.IllegalArgumentException: Unsupported class file major version 66)
[04jun.2024 18:57:32.941] [main/WARN] [mixin/]: Error loading class: net/minecraft/world/entity/LivingEntity (java.lang.IllegalArgumentException: Unsupported class file major version 66)
[04jun.2024 18:57:32.942] [main/WARN] [mixin/]: Error loading class: java/lang/invoke/MethodHandles$Lookup (java.lang.IllegalArgumentException: Unsupported class file major version 66)
[04jun.2024 18:57:32.944] [main/WARN] [mixin/]: Error loading class: java/lang/invoke/MethodHandles$Lookup (java.lang.IllegalArgumentException: Unsupported class file major version 66)
[04jun.2024 18:57:32.945] [main/WARN] [mixin/]: Error loading class: java/lang/invoke/MethodHandles$Lookup (java.lang.IllegalArgumentException: Unsupported class file major version 66)
[04jun.2024 18:57:32.945] [main/WARN] [mixin/]: Error loading class: java/util/Map$Entry (java.lang.IllegalArgumentException: Unsupported class file major version 66)
[04jun.2024 18:57:32.945] [main/WARN] [mixin/]: Error loading class: java/lang/invoke/MethodHandles$Lookup (java.lang.IllegalArgumentException: Unsupported class file major version 66)
[04jun.2024 18:57:32.947] [main/WARN] [mixin/]: Error loading class: java/lang/invoke/MethodHandles$Lookup (java.lang.IllegalArgumentException: Unsupported class file major version 66)
[04jun.2024 18:57:32.947] [main/WARN] [mixin/]: Error loading class: java/lang/invoke/MethodHandles$Lookup (java.lang.IllegalArgumentException: Unsupported class file major version 66)
[04jun.2024 18:57:32.948] [main/WARN] [mixin/]: Error loading class: java/lang/invoke/MethodHandles$Lookup (java.lang.IllegalArgumentException: Unsupported class file major version 66)
[04jun.2024 18:57:32.948] [main/WARN] [mixin/]: Error loading class: java/lang/invoke/MethodHandles$Lookup (java.lang.IllegalArgumentException: Unsupported class file major version 66)
[04jun.2024 18:57:32.950] [main/WARN] [mixin/]: Error loading class: java/lang/invoke/MethodHandles$Lookup (java.lang.IllegalArgumentException: Unsupported class file major version 66)
[04jun.2024 18:57:32.951] [main/WARN] [mixin/]: Error loading class: java/lang/invoke/MethodHandles$Lookup (java.lang.IllegalArgumentException: Unsupported class file major version 66)
[04jun.2024 18:57:32.952] [main/WARN] [mixin/]: Error loading class: java/lang/invoke/MethodHandles$Lookup (java.lang.IllegalArgumentException: Unsupported class file major version 66)
[04jun.2024 18:57:32.953] [main/WARN] [mixin/]: Error loading class: java/lang/invoke/MethodHandles$Lookup (java.lang.IllegalArgumentException: Unsupported class file major version 66)
[04jun.2024 18:57:32.954] [main/WARN] [mixin/]: Error loading class: java/lang/invoke/MethodHandles$Lookup (java.lang.IllegalArgumentException: Unsupported class file major version 66)
[04jun.2024 18:57:32.955] [main/WARN] [mixin/]: Error loading class: java/lang/invoke/MethodHandles$Lookup (java.lang.IllegalArgumentException: Unsupported class file major version 66)
[04jun.2024 18:57:32.955] [main/WARN] [mixin/]: Error loading class: java/lang/invoke/MethodHandles$Lookup (java.lang.IllegalArgumentException: Unsupported class file major version 66)
[04jun.2024 18:57:32.956] [main/WARN] [mixin/]: Error loading class: java/lang/invoke/MethodHandles$Lookup (java.lang.IllegalArgumentException: Unsupported class file major version 66)
[04jun.2024 18:57:32.956] [main/WARN] [mixin/]: Error loading class: java/lang/invoke/MethodHandles$Lookup (java.lang.IllegalArgumentException: Unsupported class file major version 66)
[04jun.2024 18:57:32.960] [main/WARN] [mixin/]: Error loading class: java/lang/invoke/MethodHandles$Lookup (java.lang.IllegalArgumentException: Unsupported class file major version 66)
[04jun.2024 18:57:32.960] [main/WARN] [mixin/]: Error loading class: java/lang/invoke/MethodHandles$Lookup (java.lang.IllegalArgumentException: Unsupported class file major version 66)
[04jun.2024 18:57:32.961] [main/WARN] [mixin/]: Error loading class: java/lang/invoke/MethodHandles$Lookup (java.lang.IllegalArgumentException: Unsupported class file major version 66)
[04jun.2024 18:57:32.967] [main/WARN] [mixin/]: Error loading class: net/minecraft/world/entity/LivingEntity (java.lang.IllegalArgumentException: Unsupported class file major version 66)
[04jun.2024 18:57:32.968] [main/ERROR] [mixin/]: aether_redux.mixins.json:common.entity.MobMixin: Super class 'net.zepalesque.redux.mixin.common.entity.LivingEntityMixin' of common.entity.MobMixin was not found in the hierarchy of target class 'net/minecraft/world/entity/Mob'
org.spongepowered.asm.mixin.transformer.throwables.InvalidMixinException: Super class 'net.zepalesque.redux.mixin.common.entity.LivingEntityMixin' of common.entity.MobMixin was not found in the hierarchy of target class 'net/minecraft/world/entity/Mob'
	at org.spongepowered.asm.mixin.transformer.MixinInfo$SubType$Standard.validate(MixinInfo.java:593) ~[mixin-0.8.5.jar%2363!/:0.8.5+Jenkins-b310.git-155314e6e91465dad727e621a569906a410cd6f4]
	at org.spongepowered.asm.mixin.transformer.MixinInfo$State.validate(MixinInfo.java:327) ~[mixin-0.8.5.jar%2363!/:0.8.5+Jenkins-b310.git-155314e6e91465dad727e621a569906a410cd6f4]
	at org.spongepowered.asm.mixin.transformer.MixinInfo.validate(MixinInfo.java:913) ~[mixin-0.8.5.jar%2363!/:0.8.5+Jenkins-b310.git-155314e6e91465dad727e621a569906a410cd6f4]
	at org.spongepowered.asm.mixin.transformer.MixinConfig.postInitialise(MixinConfig.java:801) ~[mixin-0.8.5.jar%2363!/:0.8.5+Jenkins-b310.git-155314e6e91465dad727e621a569906a410cd6f4]
	at org.spongepowered.asm.mixin.transformer.MixinProcessor.prepareConfigs(MixinProcessor.java:567) ~[mixin-0.8.5.jar%2363!/:0.8.5+Jenkins-b310.git-155314e6e91465dad727e621a569906a410cd6f4]
	at org.spongepowered.asm.mixin.transformer.MixinProcessor.select(MixinProcessor.java:462) ~[mixin-0.8.5.jar%2363!/:0.8.5+Jenkins-b310.git-155314e6e91465dad727e621a569906a410cd6f4]
	at org.spongepowered.asm.mixin.transformer.MixinProcessor.checkSelect(MixinProcessor.java:438) ~[mixin-0.8.5.jar%2363!/:0.8.5+Jenkins-b310.git-155314e6e91465dad727e621a569906a410cd6f4]
	at org.spongepowered.asm.mixin.transformer.MixinProcessor.applyMixins(MixinProcessor.java:290) ~[mixin-0.8.5.jar%2363!/:0.8.5+Jenkins-b310.git-155314e6e91465dad727e621a569906a410cd6f4]
	at org.spongepowered.asm.mixin.transformer.MixinTransformer.transformClass(MixinTransformer.java:250) ~[mixin-0.8.5.jar%2363!/:0.8.5+Jenkins-b310.git-155314e6e91465dad727e621a569906a410cd6f4]
	at org.spongepowered.asm.service.modlauncher.MixinTransformationHandler.processClass(MixinTransformationHandler.java:131) ~[mixin-0.8.5.jar%2363!/:0.8.5+Jenkins-b310.git-155314e6e91465dad727e621a569906a410cd6f4]
	at org.spongepowered.asm.launch.MixinLaunchPluginLegacy.processClass(MixinLaunchPluginLegacy.java:131) ~[mixin-0.8.5.jar%2363!/:0.8.5+Jenkins-b310.git-155314e6e91465dad727e621a569906a410cd6f4]
	at cpw.mods.modlauncher.serviceapi.ILaunchPluginService.processClassWithFlags(ILaunchPluginService.java:156) ~[modlauncher-10.0.8.jar%2354!/:10.0.8+10.0.8+main.0ef7e830]
	at cpw.mods.modlauncher.LaunchPluginHandler.offerClassNodeToPlugins(LaunchPluginHandler.java:88) ~[modlauncher-10.0.8.jar%2354!/:?]
	at cpw.mods.modlauncher.ClassTransformer.transform(ClassTransformer.java:120) ~[modlauncher-10.0.8.jar%2354!/:?]
	at cpw.mods.modlauncher.TransformingClassLoader.maybeTransformClassBytes(TransformingClassLoader.java:50) ~[modlauncher-10.0.8.jar%2354!/:?]
	at cpw.mods.cl.ModuleClassLoader.readerToClass(ModuleClassLoader.java:113) ~[securejarhandler-2.1.4.jar:?]
	at cpw.mods.cl.ModuleClassLoader.lambda$findClass$15(ModuleClassLoader.java:219) ~[securejarhandler-2.1.4.jar:?]
	at cpw.mods.cl.ModuleClassLoader.loadFromModule(ModuleClassLoader.java:229) ~[securejarhandler-2.1.4.jar:?]
	at cpw.mods.cl.ModuleClassLoader.findClass(ModuleClassLoader.java:219) ~[securejarhandler-2.1.4.jar:?]
	at java.lang.ClassLoader.loadClass(ClassLoader.java:637) ~[?:?]
	at java.lang.Class.forName(Class.java:620) ~[?:?]
	at java.lang.Class.forName(Class.java:595) ~[?:?]
	at net.minecraftforge.fml.loading.targets.CommonServerLaunchHandler.lambda$launchService$0(CommonServerLaunchHandler.java:29) ~[fmlloader-1.19.2-43.3.5.jar%2367!/:?]
	at cpw.mods.modlauncher.LaunchServiceHandlerDecorator.launch(LaunchServiceHandlerDecorator.java:30) [modlauncher-10.0.8.jar%2354!/:?]
	at cpw.mods.modlauncher.LaunchServiceHandler.launch(LaunchServiceHandler.java:53) [modlauncher-10.0.8.jar%2354!/:?]
	at cpw.mods.modlauncher.LaunchServiceHandler.launch(LaunchServiceHandler.java:71) [modlauncher-10.0.8.jar%2354!/:?]
	at cpw.mods.modlauncher.Launcher.run(Launcher.java:106) [modlauncher-10.0.8.jar%2354!/:?]
	at cpw.mods.modlauncher.Launcher.main(Launcher.java:77) [modlauncher-10.0.8.jar%2354!/:?]
	at cpw.mods.modlauncher.BootstrapLaunchConsumer.accept(BootstrapLaunchConsumer.java:26) [modlauncher-10.0.8.jar%2354!/:?]
	at cpw.mods.modlauncher.BootstrapLaunchConsumer.accept(BootstrapLaunchConsumer.java:23) [modlauncher-10.0.8.jar%2354!/:?]
	at cpw.mods.bootstraplauncher.BootstrapLauncher.main(BootstrapLauncher.java:141) [bootstraplauncher-1.1.2.jar:?]
[04jun.2024 18:57:32.982] [main/WARN] [mixin/]: Error loading class: net/minecraft/world/entity/LivingEntity (java.lang.IllegalArgumentException: Unsupported class file major version 66)
[04jun.2024 18:57:32.988] [main/WARN] [mixin/]: Error loading class: net/minecraft/world/entity/LivingEntity (java.lang.IllegalArgumentException: Unsupported class file major version 66)
[04jun.2024 18:57:32.994] [main/WARN] [mixin/]: Error loading class: net/minecraft/world/entity/LivingEntity (java.lang.IllegalArgumentException: Unsupported class file major version 66)
[04jun.2024 18:57:32.999] [main/WARN] [mixin/]: Error loading class: net/minecraft/world/entity/LivingEntity (java.lang.IllegalArgumentException: Unsupported class file major version 66)
[04jun.2024 18:57:33.004] [main/WARN] [mixin/]: Error loading class: net/minecraft/world/entity/LivingEntity (java.lang.IllegalArgumentException: Unsupported class file major version 66)
[04jun.2024 18:57:33.010] [main/WARN] [mixin/]: Error loading class: net/minecraft/world/entity/LivingEntity (java.lang.IllegalArgumentException: Unsupported class file major version 66)
[04jun.2024 18:57:33.016] [main/WARN] [mixin/]: Error loading class: net/minecraft/world/entity/LivingEntity (java.lang.IllegalArgumentException: Unsupported class file major version 66)
[04jun.2024 18:57:33.021] [main/WARN] [mixin/]: Error loading class: net/minecraft/world/entity/LivingEntity (java.lang.IllegalArgumentException: Unsupported class file major version 66)
[04jun.2024 18:57:33.027] [main/WARN] [mixin/]: Error loading class: net/minecraft/world/entity/LivingEntity (java.lang.IllegalArgumentException: Unsupported class file major version 66)
[04jun.2024 18:57:33.028] [main/WARN] [mixin/]: Error loading class: java/lang/invoke/MethodHandles$Lookup (java.lang.IllegalArgumentException: Unsupported class file major version 66)
[04jun.2024 18:57:33.029] [main/WARN] [mixin/]: Error loading class: java/lang/invoke/MethodHandles$Lookup (java.lang.IllegalArgumentException: Unsupported class file major version 66)
[04jun.2024 18:57:33.030] [main/WARN] [mixin/]: Error loading class: java/util/Map$Entry (java.lang.IllegalArgumentException: Unsupported class file major version 66)
[04jun.2024 18:57:33.030] [main/WARN] [mixin/]: Error loading class: java/lang/invoke/MethodHandles$Lookup (java.lang.IllegalArgumentException: Unsupported class file major version 66)
[04jun.2024 18:57:33.031] [main/WARN] [mixin/]: Error loading class: java/lang/invoke/MethodHandles$Lookup (java.lang.IllegalArgumentException: Unsupported class file major version 66)
[04jun.2024 18:57:33.032] [main/WARN] [mixin/]: Error loading class: java/lang/invoke/MethodHandles$Lookup (java.lang.IllegalArgumentException: Unsupported class file major version 66)
[04jun.2024 18:57:33.033] [main/WARN] [mixin/]: Error loading class: java/lang/invoke/MethodHandles$Lookup (java.lang.IllegalArgumentException: Unsupported class file major version 66)
[04jun.2024 18:57:33.034] [main/WARN] [mixin/]: Error loading class: java/lang/invoke/MethodHandles$Lookup (java.lang.IllegalArgumentException: Unsupported class file major version 66)
[04jun.2024 18:57:33.036] [main/WARN] [mixin/]: Error loading class: java/lang/invoke/MethodHandles$Lookup (java.lang.IllegalArgumentException: Unsupported class file major version 66)
[04jun.2024 18:57:33.036] [main/WARN] [mixin/]: Error loading class: java/lang/invoke/MethodHandles$Lookup (java.lang.IllegalArgumentException: Unsupported class file major version 66)
[04jun.2024 18:57:33.038] [main/WARN] [mixin/]: Error loading class: java/lang/invoke/MethodHandles$Lookup (java.lang.IllegalArgumentException: Unsupported class file major version 66)
[04jun.2024 18:57:33.039] [main/WARN] [mixin/]: Error loading class: java/lang/invoke/MethodHandles$Lookup (java.lang.IllegalArgumentException: Unsupported class file major version 66)
[04jun.2024 18:57:33.039] [main/WARN] [mixin/]: Error loading class: java/lang/invoke/MethodHandles$Lookup (java.lang.IllegalArgumentException: Unsupported class file major version 66)
[04jun.2024 18:57:33.039] [main/WARN] [mixin/]: Error loading class: java/lang/invoke/MethodHandles$Lookup (java.lang.IllegalArgumentException: Unsupported class file major version 66)
[04jun.2024 18:57:33.040] [main/WARN] [mixin/]: Error loading class: java/lang/invoke/MethodHandles$Lookup (java.lang.IllegalArgumentException: Unsupported class file major version 66)
[04jun.2024 18:57:33.042] [main/WARN] [mixin/]: Error loading class: java/lang/invoke/MethodHandles$Lookup (java.lang.IllegalArgumentException: Unsupported class file major version 66)
[04jun.2024 18:57:33.042] [main/WARN] [mixin/]: Error loading class: java/lang/invoke/MethodHandles$Lookup (java.lang.IllegalArgumentException: Unsupported class file major version 66)
[04jun.2024 18:57:33.043] [main/WARN] [mixin/]: Error loading class: java/lang/invoke/MethodHandles$Lookup (java.lang.IllegalArgumentException: Unsupported class file major version 66)
[04jun.2024 18:57:33.049] [main/WARN] [mixin/]: Error loading class: net/minecraft/world/entity/LivingEntity (java.lang.IllegalArgumentException: Unsupported class file major version 66)
[04jun.2024 18:57:33.049] [main/ERROR] [mixin/]: immersive_aircraft.mixins.json:PlayerEntityMixin: Super class 'net.minecraft.world.entity.Entity' of PlayerEntityMixin was not found in the hierarchy of target class 'net/minecraft/world/entity/player/Player'
org.spongepowered.asm.mixin.transformer.throwables.InvalidMixinException: Super class 'net.minecraft.world.entity.Entity' of PlayerEntityMixin was not found in the hierarchy of target class 'net/minecraft/world/entity/player/Player'
	at org.spongepowered.asm.mixin.transformer.MixinInfo$SubType$Standard.validate(MixinInfo.java:593) ~[mixin-0.8.5.jar%2363!/:0.8.5+Jenkins-b310.git-155314e6e91465dad727e621a569906a410cd6f4]
	at org.spongepowered.asm.mixin.transformer.MixinInfo$State.validate(MixinInfo.java:327) ~[mixin-0.8.5.jar%2363!/:0.8.5+Jenkins-b310.git-155314e6e91465dad727e621a569906a410cd6f4]
	at org.spongepowered.asm.mixin.transformer.MixinInfo.validate(MixinInfo.java:913) ~[mixin-0.8.5.jar%2363!/:0.8.5+Jenkins-b310.git-155314e6e91465dad727e621a569906a410cd6f4]
	at org.spongepowered.asm.mixin.transformer.MixinConfig.postInitialise(MixinConfig.java:801) ~[mixin-0.8.5.jar%2363!/:0.8.5+Jenkins-b310.git-155314e6e91465dad727e621a569906a410cd6f4]
	at org.spongepowered.asm.mixin.transformer.MixinProcessor.prepareConfigs(MixinProcessor.java:567) ~[mixin-0.8.5.jar%2363!/:0.8.5+Jenkins-b310.git-155314e6e91465dad727e621a569906a410cd6f4]
	at org.spongepowered.asm.mixin.transformer.MixinProcessor.select(MixinProcessor.java:462) ~[mixin-0.8.5.jar%2363!/:0.8.5+Jenkins-b310.git-155314e6e91465dad727e621a569906a410cd6f4]
	at org.spongepowered.asm.mixin.transformer.MixinProcessor.checkSelect(MixinProcessor.java:438) ~[mixin-0.8.5.jar%2363!/:0.8.5+Jenkins-b310.git-155314e6e91465dad727e621a569906a410cd6f4]
	at org.spongepowered.asm.mixin.transformer.MixinProcessor.applyMixins(MixinProcessor.java:290) ~[mixin-0.8.5.jar%2363!/:0.8.5+Jenkins-b310.git-155314e6e91465dad727e621a569906a410cd6f4]
	at org.spongepowered.asm.mixin.transformer.MixinTransformer.transformClass(MixinTransformer.java:250) ~[mixin-0.8.5.jar%2363!/:0.8.5+Jenkins-b310.git-155314e6e91465dad727e621a569906a410cd6f4]
	at org.spongepowered.asm.service.modlauncher.MixinTransformationHandler.processClass(MixinTransformationHandler.java:131) ~[mixin-0.8.5.jar%2363!/:0.8.5+Jenkins-b310.git-155314e6e91465dad727e621a569906a410cd6f4]
	at org.spongepowered.asm.launch.MixinLaunchPluginLegacy.processClass(MixinLaunchPluginLegacy.java:131) ~[mixin-0.8.5.jar%2363!/:0.8.5+Jenkins-b310.git-155314e6e91465dad727e621a569906a410cd6f4]
	at cpw.mods.modlauncher.serviceapi.ILaunchPluginService.processClassWithFlags(ILaunchPluginService.java:156) ~[modlauncher-10.0.8.jar%2354!/:10.0.8+10.0.8+main.0ef7e830]
	at cpw.mods.modlauncher.LaunchPluginHandler.offerClassNodeToPlugins(LaunchPluginHandler.java:88) ~[modlauncher-10.0.8.jar%2354!/:?]
	at cpw.mods.modlauncher.ClassTransformer.transform(ClassTransformer.java:120) ~[modlauncher-10.0.8.jar%2354!/:?]
	at cpw.mods.modlauncher.TransformingClassLoader.maybeTransformClassBytes(TransformingClassLoader.java:50) ~[modlauncher-10.0.8.jar%2354!/:?]
	at cpw.mods.cl.ModuleClassLoader.readerToClass(ModuleClassLoader.java:113) ~[securejarhandler-2.1.4.jar:?]
	at cpw.mods.cl.ModuleClassLoader.lambda$findClass$15(ModuleClassLoader.java:219) ~[securejarhandler-2.1.4.jar:?]
	at cpw.mods.cl.ModuleClassLoader.loadFromModule(ModuleClassLoader.java:229) ~[securejarhandler-2.1.4.jar:?]
	at cpw.mods.cl.ModuleClassLoader.findClass(ModuleClassLoader.java:219) ~[securejarhandler-2.1.4.jar:?]
	at java.lang.ClassLoader.loadClass(ClassLoader.java:637) ~[?:?]
	at java.lang.Class.forName(Class.java:620) ~[?:?]
	at java.lang.Class.forName(Class.java:595) ~[?:?]
	at net.minecraftforge.fml.loading.targets.CommonServerLaunchHandler.lambda$launchService$0(CommonServerLaunchHandler.java:29) ~[fmlloader-1.19.2-43.3.5.jar%2367!/:?]
	at cpw.mods.modlauncher.LaunchServiceHandlerDecorator.launch(LaunchServiceHandlerDecorator.java:30) [modlauncher-10.0.8.jar%2354!/:?]
	at cpw.mods.modlauncher.LaunchServiceHandler.launch(LaunchServiceHandler.java:53) [modlauncher-10.0.8.jar%2354!/:?]
	at cpw.mods.modlauncher.LaunchServiceHandler.launch(LaunchServiceHandler.java:71) [modlauncher-10.0.8.jar%2354!/:?]
	at cpw.mods.modlauncher.Launcher.run(Launcher.java:106) [modlauncher-10.0.8.jar%2354!/:?]
	at cpw.mods.modlauncher.Launcher.main(Launcher.java:77) [modlauncher-10.0.8.jar%2354!/:?]
	at cpw.mods.modlauncher.BootstrapLaunchConsumer.accept(BootstrapLaunchConsumer.java:26) [modlauncher-10.0.8.jar%2354!/:?]
	at cpw.mods.modlauncher.BootstrapLaunchConsumer.accept(BootstrapLaunchConsumer.java:23) [modlauncher-10.0.8.jar%2354!/:?]
	at cpw.mods.bootstraplauncher.BootstrapLauncher.main(BootstrapLauncher.java:141) [bootstraplauncher-1.1.2.jar:?]
[04jun.2024 18:57:33.052] [main/WARN] [mixin/]: Error loading class: java/lang/invoke/MethodHandles$Lookup (java.lang.IllegalArgumentException: Unsupported class file major version 66)
[04jun.2024 18:57:33.052] [main/WARN] [mixin/]: Error loading class: java/lang/invoke/MethodHandles$Lookup (java.lang.IllegalArgumentException: Unsupported class file major version 66)
[04jun.2024 18:57:33.052] [main/WARN] [mixin/]: Error loading class: java/lang/invoke/MethodHandles$Lookup (java.lang.IllegalArgumentException: Unsupported class file major version 66)
[04jun.2024 18:57:33.053] [main/WARN] [mixin/]: Error loading class: java/lang/invoke/MethodHandles$Lookup (java.lang.IllegalArgumentException: Unsupported class file major version 66)
[04jun.2024 18:57:33.054] [main/WARN] [mixin/]: Error loading class: java/lang/invoke/MethodHandles$Lookup (java.lang.IllegalArgumentException: Unsupported class file major version 66)
[04jun.2024 18:57:33.055] [main/WARN] [mixin/]: Error loading class: java/lang/invoke/MethodHandles$Lookup (java.lang.IllegalArgumentException: Unsupported class file major version 66)
[04jun.2024 18:57:33.056] [main/WARN] [mixin/]: Error loading class: java/lang/invoke/MethodHandles$Lookup (java.lang.IllegalArgumentException: Unsupported class file major version 66)
[04jun.2024 18:57:33.056] [main/WARN] [mixin/]: Error loading class: java/lang/invoke/MethodHandles$Lookup (java.lang.IllegalArgumentException: Unsupported class file major version 66)
[04jun.2024 18:57:33.057] [main/WARN] [mixin/]: Error loading class: java/util/Map$Entry (java.lang.IllegalArgumentException: Unsupported class file major version 66)
[04jun.2024 18:57:33.057] [main/WARN] [mixin/]: Error loading class: java/lang/invoke/MethodHandles$Lookup (java.lang.IllegalArgumentException: Unsupported class file major version 66)
[04jun.2024 18:57:33.066] [main/WARN] [mixin/]: Error loading class: net/minecraft/world/entity/LivingEntity (java.lang.IllegalArgumentException: Unsupported class file major version 66)
[04jun.2024 18:57:33.070] [main/WARN] [mixin/]: Error loading class: net/minecraft/world/entity/LivingEntity (java.lang.IllegalArgumentException: Unsupported class file major version 66)
[04jun.2024 18:57:33.077] [main/WARN] [mixin/]: Error loading class: net/minecraft/world/entity/LivingEntity (java.lang.IllegalArgumentException: Unsupported class file major version 66)
[04jun.2024 18:57:33.082] [main/WARN] [mixin/]: Error loading class: net/minecraft/world/entity/LivingEntity (java.lang.IllegalArgumentException: Unsupported class file major version 66)
[04jun.2024 18:57:33.087] [main/WARN] [mixin/]: Error loading class: net/minecraft/world/entity/LivingEntity (java.lang.IllegalArgumentException: Unsupported class file major version 66)
[04jun.2024 18:57:33.091] [main/WARN] [mixin/]: Error loading class: net/minecraft/world/entity/LivingEntity (java.lang.IllegalArgumentException: Unsupported class file major version 66)
[04jun.2024 18:57:33.092] [main/WARN] [mixin/]: Error loading class: java/lang/invoke/MethodHandles$Lookup (java.lang.IllegalArgumentException: Unsupported class file major version 66)
[04jun.2024 18:57:33.098] [main/WARN] [mixin/]: Error loading class: net/minecraft/world/entity/LivingEntity (java.lang.IllegalArgumentException: Unsupported class file major version 66)
[04jun.2024 18:57:33.102] [main/WARN] [mixin/]: Error loading class: net/minecraft/world/entity/LivingEntity (java.lang.IllegalArgumentException: Unsupported class file major version 66)
[04jun.2024 18:57:33.108] [main/WARN] [mixin/]: Error loading class: net/minecraft/world/entity/LivingEntity (java.lang.IllegalArgumentException: Unsupported class file major version 66)
[04jun.2024 18:57:33.113] [main/WARN] [mixin/]: Error loading class: net/minecraft/world/entity/LivingEntity (java.lang.IllegalArgumentException: Unsupported class file major version 66)
[04jun.2024 18:57:33.117] [main/WARN] [mixin/]: Error loading class: net/minecraft/world/entity/LivingEntity (java.lang.IllegalArgumentException: Unsupported class file major version 66)
[04jun.2024 18:57:33.122] [main/WARN] [mixin/]: Error loading class: net/minecraft/world/entity/LivingEntity (java.lang.IllegalArgumentException: Unsupported class file major version 66)
[04jun.2024 18:57:33.128] [main/WARN] [mixin/]: Error loading class: net/minecraft/world/entity/LivingEntity (java.lang.IllegalArgumentException: Unsupported class file major version 66)
[04jun.2024 18:57:33.128] [main/ERROR] [mixin/]: Cannot invoke "org.spongepowered.asm.mixin.transformer.ClassInfo.isMixin()" because "superClass" is null
java.lang.NullPointerException: Cannot invoke "org.spongepowered.asm.mixin.transformer.ClassInfo.isMixin()" because "superClass" is null
	at org.spongepowered.asm.mixin.transformer.MixinInfo$SubType$Standard.validate(MixinInfo.java:581) ~[mixin-0.8.5.jar%2363!/:0.8.5+Jenkins-b310.git-155314e6e91465dad727e621a569906a410cd6f4]
	at org.spongepowered.asm.mixin.transformer.MixinInfo$State.validate(MixinInfo.java:327) ~[mixin-0.8.5.jar%2363!/:0.8.5+Jenkins-b310.git-155314e6e91465dad727e621a569906a410cd6f4]
	at org.spongepowered.asm.mixin.transformer.MixinInfo.validate(MixinInfo.java:913) ~[mixin-0.8.5.jar%2363!/:0.8.5+Jenkins-b310.git-155314e6e91465dad727e621a569906a410cd6f4]
	at org.spongepowered.asm.mixin.transformer.MixinConfig.postInitialise(MixinConfig.java:801) ~[mixin-0.8.5.jar%2363!/:0.8.5+Jenkins-b310.git-155314e6e91465dad727e621a569906a410cd6f4]
	at org.spongepowered.asm.mixin.transformer.MixinProcessor.prepareConfigs(MixinProcessor.java:567) ~[mixin-0.8.5.jar%2363!/:0.8.5+Jenkins-b310.git-155314e6e91465dad727e621a569906a410cd6f4]
	at org.spongepowered.asm.mixin.transformer.MixinProcessor.select(MixinProcessor.java:462) ~[mixin-0.8.5.jar%2363!/:0.8.5+Jenkins-b310.git-155314e6e91465dad727e621a569906a410cd6f4]
	at org.spongepowered.asm.mixin.transformer.MixinProcessor.checkSelect(MixinProcessor.java:438) ~[mixin-0.8.5.jar%2363!/:0.8.5+Jenkins-b310.git-155314e6e91465dad727e621a569906a410cd6f4]
	at org.spongepowered.asm.mixin.transformer.MixinProcessor.applyMixins(MixinProcessor.java:290) ~[mixin-0.8.5.jar%2363!/:0.8.5+Jenkins-b310.git-155314e6e91465dad727e621a569906a410cd6f4]
	at org.spongepowered.asm.mixin.transformer.MixinTransformer.transformClass(MixinTransformer.java:250) ~[mixin-0.8.5.jar%2363!/:0.8.5+Jenkins-b310.git-155314e6e91465dad727e621a569906a410cd6f4]
	at org.spongepowered.asm.service.modlauncher.MixinTransformationHandler.processClass(MixinTransformationHandler.java:131) ~[mixin-0.8.5.jar%2363!/:0.8.5+Jenkins-b310.git-155314e6e91465dad727e621a569906a410cd6f4]
	at org.spongepowered.asm.launch.MixinLaunchPluginLegacy.processClass(MixinLaunchPluginLegacy.java:131) ~[mixin-0.8.5.jar%2363!/:0.8.5+Jenkins-b310.git-155314e6e91465dad727e621a569906a410cd6f4]
	at cpw.mods.modlauncher.serviceapi.ILaunchPluginService.processClassWithFlags(ILaunchPluginService.java:156) ~[modlauncher-10.0.8.jar%2354!/:10.0.8+10.0.8+main.0ef7e830]
	at cpw.mods.modlauncher.LaunchPluginHandler.offerClassNodeToPlugins(LaunchPluginHandler.java:88) ~[modlauncher-10.0.8.jar%2354!/:?]
	at cpw.mods.modlauncher.ClassTransformer.transform(ClassTransformer.java:120) ~[modlauncher-10.0.8.jar%2354!/:?]
	at cpw.mods.modlauncher.TransformingClassLoader.maybeTransformClassBytes(TransformingClassLoader.java:50) ~[modlauncher-10.0.8.jar%2354!/:?]
	at cpw.mods.cl.ModuleClassLoader.readerToClass(ModuleClassLoader.java:113) ~[securejarhandler-2.1.4.jar:?]
	at cpw.mods.cl.ModuleClassLoader.lambda$findClass$15(ModuleClassLoader.java:219) ~[securejarhandler-2.1.4.jar:?]
	at cpw.mods.cl.ModuleClassLoader.loadFromModule(ModuleClassLoader.java:229) ~[securejarhandler-2.1.4.jar:?]
	at cpw.mods.cl.ModuleClassLoader.findClass(ModuleClassLoader.java:219) ~[securejarhandler-2.1.4.jar:?]
	at java.lang.ClassLoader.loadClass(ClassLoader.java:637) ~[?:?]
	at java.lang.Class.forName(Class.java:620) ~[?:?]
	at java.lang.Class.forName(Class.java:595) ~[?:?]
	at net.minecraftforge.fml.loading.targets.CommonServerLaunchHandler.lambda$launchService$0(CommonServerLaunchHandler.java:29) ~[fmlloader-1.19.2-43.3.5.jar%2367!/:?]
	at cpw.mods.modlauncher.LaunchServiceHandlerDecorator.launch(LaunchServiceHandlerDecorator.java:30) [modlauncher-10.0.8.jar%2354!/:?]
	at cpw.mods.modlauncher.LaunchServiceHandler.launch(LaunchServiceHandler.java:53) [modlauncher-10.0.8.jar%2354!/:?]
	at cpw.mods.modlauncher.LaunchServiceHandler.launch(LaunchServiceHandler.java:71) [modlauncher-10.0.8.jar%2354!/:?]
	at cpw.mods.modlauncher.Launcher.run(Launcher.java:106) [modlauncher-10.0.8.jar%2354!/:?]
	at cpw.mods.modlauncher.Launcher.main(Launcher.java:77) [modlauncher-10.0.8.jar%2354!/:?]
	at cpw.mods.modlauncher.BootstrapLaunchConsumer.accept(BootstrapLaunchConsumer.java:26) [modlauncher-10.0.8.jar%2354!/:?]
	at cpw.mods.modlauncher.BootstrapLaunchConsumer.accept(BootstrapLaunchConsumer.java:23) [modlauncher-10.0.8.jar%2354!/:?]
	at cpw.mods.bootstraplauncher.BootstrapLauncher.main(BootstrapLauncher.java:141) [bootstraplauncher-1.1.2.jar:?]
[04jun.2024 18:57:33.130] [main/WARN] [mixin/]: Error loading class: java/lang/invoke/MethodHandles$Lookup (java.lang.IllegalArgumentException: Unsupported class file major version 66)
[04jun.2024 18:57:33.131] [main/WARN] [mixin/]: Error loading class: java/lang/invoke/MethodHandles$Lookup (java.lang.IllegalArgumentException: Unsupported class file major version 66)
[04jun.2024 18:57:33.132] [main/WARN] [mixin/]: Error loading class: java/lang/invoke/MethodHandles$Lookup (java.lang.IllegalArgumentException: Unsupported class file major version 66)
[04jun.2024 18:57:33.132] [main/WARN] [mixin/]: Error loading class: java/lang/invoke/MethodHandles$Lookup (java.lang.IllegalArgumentException: Unsupported class file major version 66)
[04jun.2024 18:57:33.133] [main/WARN] [mixin/]: Error loading class: java/lang/invoke/MethodHandles$Lookup (java.lang.IllegalArgumentException: Unsupported class file major version 66)
[04jun.2024 18:57:33.134] [main/WARN] [mixin/]: Error loading class: java/util/Map$Entry (java.lang.IllegalArgumentException: Unsupported class file major version 66)
[04jun.2024 18:57:33.134] [main/WARN] [mixin/]: Error loading class: java/lang/invoke/MethodHandles$Lookup (java.lang.IllegalArgumentException: Unsupported class file major version 66)
[04jun.2024 18:57:33.135] [main/WARN] [mixin/]: Error loading class: java/lang/invoke/MethodHandles$Lookup (java.lang.IllegalArgumentException: Unsupported class file major version 66)
[04jun.2024 18:57:33.136] [main/WARN] [mixin/]: Error loading class: java/util/Map$Entry (java.lang.IllegalArgumentException: Unsupported class file major version 66)
[04jun.2024 18:57:33.136] [main/WARN] [mixin/]: Error loading class: java/lang/invoke/MethodHandles$Lookup (java.lang.IllegalArgumentException: Unsupported class file major version 66)
[04jun.2024 18:57:33.137] [main/WARN] [mixin/]: Error loading class: java/lang/invoke/MethodHandles$Lookup (java.lang.IllegalArgumentException: Unsupported class file major version 66)
[04jun.2024 18:57:33.137] [main/WARN] [mixin/]: Error loading class: java/util/Map$Entry (java.lang.IllegalArgumentException: Unsupported class file major version 66)
[04jun.2024 18:57:33.138] [main/WARN] [mixin/]: Error loading class: java/lang/invoke/MethodHandles$Lookup (java.lang.IllegalArgumentException: Unsupported class file major version 66)
[04jun.2024 18:57:33.138] [main/WARN] [mixin/]: Error loading class: java/lang/invoke/MethodHandles$Lookup (java.lang.IllegalArgumentException: Unsupported class file major version 66)
[04jun.2024 18:57:33.138] [main/WARN] [mixin/]: Error loading class: java/lang/invoke/MethodHandles$Lookup (java.lang.IllegalArgumentException: Unsupported class file major version 66)
[04jun.2024 18:57:33.139] [main/WARN] [mixin/]: Error loading class: java/lang/invoke/MethodHandles$Lookup (java.lang.IllegalArgumentException: Unsupported class file major version 66)
[04jun.2024 18:57:33.140] [main/WARN] [mixin/]: Error loading class: java/lang/invoke/MethodHandles$Lookup (java.lang.IllegalArgumentException: Unsupported class file major version 66)
[04jun.2024 18:57:33.140] [main/WARN] [mixin/]: Error loading class: java/lang/invoke/MethodHandles$Lookup (java.lang.IllegalArgumentException: Unsupported class file major version 66)
[04jun.2024 18:57:33.141] [main/WARN] [mixin/]: Error loading class: java/lang/invoke/MethodHandles$Lookup (java.lang.IllegalArgumentException: Unsupported class file major version 66)
[04jun.2024 18:57:33.144] [main/WARN] [mixin/]: Error loading class: java/lang/invoke/MethodHandles$Lookup (java.lang.IllegalArgumentException: Unsupported class file major version 66)
[04jun.2024 18:57:33.145] [main/WARN] [mixin/]: Error loading class: java/lang/invoke/MethodHandles$Lookup (java.lang.IllegalArgumentException: Unsupported class file major version 66)
[04jun.2024 18:57:33.147] [main/WARN] [mixin/]: Error loading class: java/lang/invoke/MethodHandles$Lookup (java.lang.IllegalArgumentException: Unsupported class file major version 66)
[04jun.2024 18:57:33.147] [main/WARN] [mixin/]: Error loading class: java/lang/invoke/MethodHandles$Lookup (java.lang.IllegalArgumentException: Unsupported class file major version 66)
[04jun.2024 18:57:33.147] [main/WARN] [mixin/]: Error loading class: java/lang/invoke/MethodHandles$Lookup (java.lang.IllegalArgumentException: Unsupported class file major version 66)
[04jun.2024 18:57:33.147] [main/WARN] [mixin/]: Error loading class: java/lang/invoke/MethodHandles$Lookup (java.lang.IllegalArgumentException: Unsupported class file major version 66)
[04jun.2024 18:57:33.148] [main/WARN] [mixin/]: Error loading class: java/lang/invoke/MethodHandles$Lookup (java.lang.IllegalArgumentException: Unsupported class file major version 66)
[04jun.2024 18:57:33.148] [main/WARN] [mixin/]: Error loading class: java/lang/invoke/MethodHandles$Lookup (java.lang.IllegalArgumentException: Unsupported class file major version 66)
[04jun.2024 18:57:33.149] [main/WARN] [mixin/]: Error loading class: java/lang/invoke/MethodHandles$Lookup (java.lang.IllegalArgumentException: Unsupported class file major version 66)
[04jun.2024 18:57:33.149] [main/WARN] [mixin/]: Error loading class: java/lang/invoke/MethodHandles$Lookup (java.lang.IllegalArgumentException: Unsupported class file major version 66)
[04jun.2024 18:57:33.150] [main/WARN] [mixin/]: Error loading class: java/lang/invoke/MethodHandles$Lookup (java.lang.IllegalArgumentException: Unsupported class file major version 66)
[04jun.2024 18:57:33.150] [main/WARN] [mixin/]: Error loading class: net/minecraft/client/renderer/blockentity/BlockEntityRendererProvider$Context (java.lang.ClassNotFoundException: net.minecraft.client.renderer.blockentity.BlockEntityRendererProvider$Context)
[04jun.2024 18:57:33.151] [main/WARN] [mixin/]: Error loading class: java/lang/invoke/MethodHandles$Lookup (java.lang.IllegalArgumentException: Unsupported class file major version 66)
[04jun.2024 18:57:33.151] [main/WARN] [mixin/]: Error loading class: java/lang/invoke/MethodHandles$Lookup (java.lang.IllegalArgumentException: Unsupported class file major version 66)
[04jun.2024 18:57:33.152] [main/WARN] [mixin/]: Error loading class: net/minecraft/client/renderer/blockentity/BlockEntityRendererProvider$Context (java.lang.ClassNotFoundException: net.minecraft.client.renderer.blockentity.BlockEntityRendererProvider$Context)
[04jun.2024 18:57:33.152] [main/WARN] [mixin/]: Error loading class: java/lang/invoke/MethodHandles$Lookup (java.lang.IllegalArgumentException: Unsupported class file major version 66)
[04jun.2024 18:57:33.153] [main/WARN] [mixin/]: Error loading class: java/lang/invoke/MethodHandles$Lookup (java.lang.IllegalArgumentException: Unsupported class file major version 66)
[04jun.2024 18:57:33.153] [main/WARN] [mixin/]: Error loading class: java/lang/invoke/MethodHandles$Lookup (java.lang.IllegalArgumentException: Unsupported class file major version 66)
[04jun.2024 18:57:33.154] [main/WARN] [mixin/]: Error loading class: com/firemerald/additionalplacements/block/AdditionalPlacementBlock (java.lang.ClassNotFoundException: com.firemerald.additionalplacements.block.AdditionalPlacementBlock)
[04jun.2024 18:57:33.155] [main/WARN] [mixin/]: Error loading class: com/firemerald/additionalplacements/block/AdditionalPlacementBlock (java.lang.ClassNotFoundException: com.firemerald.additionalplacements.block.AdditionalPlacementBlock)
[04jun.2024 18:57:33.156] [main/WARN] [mixin/]: Error loading class: java/lang/invoke/MethodHandles$Lookup (java.lang.IllegalArgumentException: Unsupported class file major version 66)
[04jun.2024 18:57:33.157] [main/WARN] [mixin/]: Error loading class: java/lang/invoke/MethodHandles$Lookup (java.lang.IllegalArgumentException: Unsupported class file major version 66)
[04jun.2024 18:57:33.159] [main/WARN] [mixin/]: Error loading class: java/util/Map$Entry (java.lang.IllegalArgumentException: Unsupported class file major version 66)
[04jun.2024 18:57:33.160] [main/WARN] [mixin/]: Error loading class: java/lang/invoke/MethodHandles$Lookup (java.lang.IllegalArgumentException: Unsupported class file major version 66)
[04jun.2024 18:57:33.161] [main/WARN] [mixin/]: Error loading class: java/lang/invoke/MethodHandles$Lookup (java.lang.IllegalArgumentException: Unsupported class file major version 66)
[04jun.2024 18:57:33.163] [main/WARN] [mixin/]: Error loading class: java/lang/invoke/MethodHandles$Lookup (java.lang.IllegalArgumentException: Unsupported class file major version 66)
[04jun.2024 18:57:33.164] [main/WARN] [mixin/]: Error loading class: java/lang/invoke/MethodHandles$Lookup (java.lang.IllegalArgumentException: Unsupported class file major version 66)
[04jun.2024 18:57:33.165] [main/WARN] [mixin/]: Error loading class: java/util/Map$Entry (java.lang.IllegalArgumentException: Unsupported class file major version 66)
[04jun.2024 18:57:33.165] [main/WARN] [mixin/]: Error loading class: java/util/Map$Entry (java.lang.IllegalArgumentException: Unsupported class file major version 66)
[04jun.2024 18:57:33.166] [main/WARN] [mixin/]: Error loading class: java/lang/invoke/MethodHandles$Lookup (java.lang.IllegalArgumentException: Unsupported class file major version 66)
[04jun.2024 18:57:33.166] [main/WARN] [mixin/]: Error loading class: java/lang/invoke/MethodHandles$Lookup (java.lang.IllegalArgumentException: Unsupported class file major version 66)
[04jun.2024 18:57:33.166] [main/WARN] [mixin/]: Error loading class: java/lang/invoke/MethodHandles$Lookup (java.lang.IllegalArgumentException: Unsupported class file major version 66)
[04jun.2024 18:57:33.167] [main/WARN] [mixin/]: Error loading class: java/util/Map$Entry (java.lang.IllegalArgumentException: Unsupported class file major version 66)
[04jun.2024 18:57:33.168] [main/WARN] [mixin/]: Error loading class: java/lang/invoke/MethodHandles$Lookup (java.lang.IllegalArgumentException: Unsupported class file major version 66)
[04jun.2024 18:57:33.169] [main/WARN] [mixin/]: Error loading class: java/lang/invoke/MethodHandles$Lookup (java.lang.IllegalArgumentException: Unsupported class file major version 66)
[04jun.2024 18:57:33.169] [main/WARN] [mixin/]: Error loading class: java/lang/invoke/MethodHandles$Lookup (java.lang.IllegalArgumentException: Unsupported class file major version 66)
[04jun.2024 18:57:33.172] [main/WARN] [mixin/]: Error loading class: java/lang/invoke/MethodHandles$Lookup (java.lang.IllegalArgumentException: Unsupported class file major version 66)
[04jun.2024 18:57:33.173] [main/WARN] [mixin/]: Error loading class: java/lang/invoke/MethodHandles$Lookup (java.lang.IllegalArgumentException: Unsupported class file major version 66)
[04jun.2024 18:57:33.177] [main/WARN] [mixin/]: Error loading class: java/lang/invoke/MethodHandles$Lookup (java.lang.IllegalArgumentException: Unsupported class file major version 66)
[04jun.2024 18:57:33.178] [main/WARN] [mixin/]: Error loading class: java/util/Map$Entry (java.lang.IllegalArgumentException: Unsupported class file major version 66)
[04jun.2024 18:57:33.179] [main/WARN] [mixin/]: Error loading class: java/lang/invoke/MethodHandles$Lookup (java.lang.IllegalArgumentException: Unsupported class file major version 66)
[04jun.2024 18:57:33.180] [main/WARN] [mixin/]: Error loading class: java/lang/invoke/MethodHandles$Lookup (java.lang.IllegalArgumentException: Unsupported class file major version 66)
[04jun.2024 18:57:33.180] [main/WARN] [mixin/]: Error loading class: java/lang/invoke/MethodHandles$Lookup (java.lang.IllegalArgumentException: Unsupported class file major version 66)
[04jun.2024 18:57:33.180] [main/WARN] [mixin/]: Error loading class: java/lang/invoke/MethodHandles$Lookup (java.lang.IllegalArgumentException: Unsupported class file major version 66)
[04jun.2024 18:57:33.181] [main/WARN] [mixin/]: Error loading class: java/lang/invoke/MethodHandles$Lookup (java.lang.IllegalArgumentException: Unsupported class file major version 66)
[04jun.2024 18:57:33.181] [main/WARN] [mixin/]: Error loading class: java/lang/invoke/MethodHandles$Lookup (java.lang.IllegalArgumentException: Unsupported class file major version 66)
[04jun.2024 18:57:33.185] [main/WARN] [mixin/]: Error loading class: net/minecraft/world/level/storage/LevelStorageSource$LevelStorageAccess (java.lang.IllegalArgumentException: Unsupported class file major version 66)
[04jun.2024 18:57:33.186] [main/WARN] [mixin/]: Error loading class: java/lang/invoke/MethodHandles$Lookup (java.lang.IllegalArgumentException: Unsupported class file major version 66)
[04jun.2024 18:57:33.186] [main/WARN] [mixin/]: Error loading class: java/lang/invoke/MethodHandles$Lookup (java.lang.IllegalArgumentException: Unsupported class file major version 66)
[04jun.2024 18:57:33.186] [main/WARN] [mixin/]: Error loading class: java/lang/invoke/MethodHandles$Lookup (java.lang.IllegalArgumentException: Unsupported class file major version 66)
[04jun.2024 18:57:33.187] [main/WARN] [mixin/]: Error loading class: java/lang/invoke/MethodHandles$Lookup (java.lang.IllegalArgumentException: Unsupported class file major version 66)
[04jun.2024 18:57:33.189] [main/INFO] [MixinExtras|Service/]: Initializing MixinExtras via com.llamalad7.mixinextras.service.MixinExtrasServiceImpl(version=0.3.5).
[04jun.2024 18:57:33.191] [main/WARN] [MixinExtras|Service/]: Found problematic active MixinExtras instance at ca.fxco.memoryleakfix.mixinextras (version 0.2.0-beta.8)
[04jun.2024 18:57:33.191] [main/WARN] [MixinExtras|Service/]: Versions from 0.2.0-beta.1 to 0.2.0-beta.9 have limited support and it is strongly recommended to update.
[04jun.2024 18:57:33.202] [main/WARN] [mixin/]: Error loading class: java/util/List (java.lang.IllegalArgumentException: Unsupported class file major version 66)
